{
  "E:\\STUDIES\\JS\\rs_school\\rsschool_react\\REACT2023\\src\\components\\Layout.tsx": {
    "path": "E:\\STUDIES\\JS\\rs_school\\rsschool_react\\REACT2023\\src\\components\\Layout.tsx",
    "all": false,
    "statementMap": {
      "0": {
        "start": { "line": 1, "column": 0 },
        "end": { "line": 1, "column": 26 }
      },
      "1": {
        "start": { "line": 2, "column": 0 },
        "end": { "line": 2, "column": 26 }
      },
      "2": {
        "start": { "line": 3, "column": 0 },
        "end": { "line": 3, "column": 42 }
      },
      "3": {
        "start": { "line": 4, "column": 0 },
        "end": { "line": 4, "column": 0 }
      },
      "4": {
        "start": { "line": 5, "column": 0 },
        "end": { "line": 5, "column": 39 }
      },
      "5": {
        "start": { "line": 6, "column": 0 },
        "end": { "line": 6, "column": 4 }
      },
      "6": {
        "start": { "line": 7, "column": 0 },
        "end": { "line": 7, "column": 19 }
      },
      "7": {
        "start": { "line": 8, "column": 0 },
        "end": { "line": 8, "column": 14 }
      },
      "8": {
        "start": { "line": 9, "column": 0 },
        "end": { "line": 9, "column": 20 }
      },
      "9": {
        "start": { "line": 10, "column": 0 },
        "end": { "line": 10, "column": 5 }
      },
      "10": {
        "start": { "line": 11, "column": 0 },
        "end": { "line": 11, "column": 2 }
      }
    },
    "s": {
      "0": 1,
      "1": 1,
      "2": 1,
      "3": 1,
      "4": 1,
      "5": 1,
      "6": 1,
      "7": 1,
      "8": 1,
      "9": 1,
      "10": 1
    },
    "branchMap": {
      "0": {
        "type": "branch",
        "line": 5,
        "loc": {
          "start": { "line": 5, "column": 32 },
          "end": { "line": 10, "column": 5 }
        },
        "locations": [
          {
            "start": { "line": 5, "column": 32 },
            "end": { "line": 10, "column": 5 }
          }
        ]
      }
    },
    "b": { "0": [1] },
    "fnMap": {
      "0": {
        "name": "Layout",
        "decl": {
          "start": { "line": 5, "column": 32 },
          "end": { "line": 10, "column": 5 }
        },
        "loc": {
          "start": { "line": 5, "column": 32 },
          "end": { "line": 10, "column": 5 }
        },
        "line": 5
      }
    },
    "f": { "0": 1 }
  },
  "E:\\STUDIES\\JS\\rs_school\\rsschool_react\\REACT2023\\src\\components\\Main.tsx": {
    "path": "E:\\STUDIES\\JS\\rs_school\\rsschool_react\\REACT2023\\src\\components\\Main.tsx",
    "all": false,
    "statementMap": {
      "0": {
        "start": { "line": 1, "column": 0 },
        "end": { "line": 1, "column": 53 }
      },
      "1": {
        "start": { "line": 2, "column": 0 },
        "end": { "line": 2, "column": 37 }
      },
      "2": {
        "start": { "line": 3, "column": 0 },
        "end": { "line": 3, "column": 34 }
      },
      "3": {
        "start": { "line": 4, "column": 0 },
        "end": { "line": 4, "column": 49 }
      },
      "4": {
        "start": { "line": 5, "column": 0 },
        "end": { "line": 5, "column": 47 }
      },
      "5": {
        "start": { "line": 6, "column": 0 },
        "end": { "line": 6, "column": 44 }
      },
      "6": {
        "start": { "line": 7, "column": 0 },
        "end": { "line": 7, "column": 38 }
      },
      "7": {
        "start": { "line": 8, "column": 0 },
        "end": { "line": 8, "column": 37 }
      },
      "8": {
        "start": { "line": 9, "column": 0 },
        "end": { "line": 9, "column": 42 }
      },
      "9": {
        "start": { "line": 10, "column": 0 },
        "end": { "line": 10, "column": 68 }
      },
      "10": {
        "start": { "line": 11, "column": 0 },
        "end": { "line": 11, "column": 64 }
      },
      "11": {
        "start": { "line": 12, "column": 0 },
        "end": { "line": 12, "column": 0 }
      },
      "12": {
        "start": { "line": 13, "column": 0 },
        "end": { "line": 13, "column": 20 }
      },
      "13": {
        "start": { "line": 14, "column": 0 },
        "end": { "line": 14, "column": 52 }
      },
      "14": {
        "start": { "line": 15, "column": 0 },
        "end": { "line": 15, "column": 50 }
      },
      "15": {
        "start": { "line": 16, "column": 0 },
        "end": { "line": 16, "column": 59 }
      },
      "16": {
        "start": { "line": 17, "column": 0 },
        "end": { "line": 17, "column": 77 }
      },
      "17": {
        "start": { "line": 18, "column": 0 },
        "end": { "line": 18, "column": 60 }
      },
      "18": {
        "start": { "line": 19, "column": 0 },
        "end": { "line": 19, "column": 47 }
      },
      "19": {
        "start": { "line": 20, "column": 0 },
        "end": { "line": 20, "column": 50 }
      },
      "20": {
        "start": { "line": 21, "column": 0 },
        "end": { "line": 21, "column": 29 }
      },
      "21": {
        "start": { "line": 22, "column": 0 },
        "end": { "line": 22, "column": 0 }
      },
      "22": {
        "start": { "line": 23, "column": 0 },
        "end": { "line": 23, "column": 45 }
      },
      "23": {
        "start": { "line": 24, "column": 0 },
        "end": { "line": 24, "column": 23 }
      },
      "24": {
        "start": { "line": 25, "column": 0 },
        "end": { "line": 25, "column": 80 }
      },
      "25": {
        "start": { "line": 26, "column": 0 },
        "end": { "line": 26, "column": 20 }
      },
      "26": {
        "start": { "line": 27, "column": 0 },
        "end": { "line": 27, "column": 24 }
      },
      "27": {
        "start": { "line": 28, "column": 0 },
        "end": { "line": 28, "column": 30 }
      },
      "28": {
        "start": { "line": 29, "column": 0 },
        "end": { "line": 29, "column": 28 }
      },
      "29": {
        "start": { "line": 30, "column": 0 },
        "end": { "line": 30, "column": 0 }
      },
      "30": {
        "start": { "line": 31, "column": 0 },
        "end": { "line": 31, "column": 25 }
      },
      "31": {
        "start": { "line": 32, "column": 0 },
        "end": { "line": 32, "column": 16 }
      },
      "32": {
        "start": { "line": 33, "column": 0 },
        "end": { "line": 33, "column": 65 }
      },
      "33": {
        "start": { "line": 34, "column": 0 },
        "end": { "line": 34, "column": 43 }
      },
      "34": {
        "start": { "line": 35, "column": 0 },
        "end": { "line": 35, "column": 34 }
      },
      "35": {
        "start": { "line": 36, "column": 0 },
        "end": { "line": 36, "column": 70 }
      },
      "36": {
        "start": { "line": 37, "column": 0 },
        "end": { "line": 37, "column": 0 }
      },
      "37": {
        "start": { "line": 38, "column": 0 },
        "end": { "line": 38, "column": 30 }
      },
      "38": {
        "start": { "line": 39, "column": 0 },
        "end": { "line": 39, "column": 54 }
      },
      "39": {
        "start": { "line": 40, "column": 0 },
        "end": { "line": 40, "column": 28 }
      },
      "40": {
        "start": { "line": 41, "column": 0 },
        "end": { "line": 41, "column": 6 }
      },
      "41": {
        "start": { "line": 42, "column": 0 },
        "end": { "line": 42, "column": 58 }
      },
      "42": {
        "start": { "line": 43, "column": 0 },
        "end": { "line": 43, "column": 43 }
      },
      "43": {
        "start": { "line": 44, "column": 0 },
        "end": { "line": 44, "column": 31 }
      },
      "44": {
        "start": { "line": 45, "column": 0 },
        "end": { "line": 45, "column": 19 }
      },
      "45": {
        "start": { "line": 46, "column": 0 },
        "end": { "line": 46, "column": 19 }
      },
      "46": {
        "start": { "line": 47, "column": 0 },
        "end": { "line": 47, "column": 44 }
      },
      "47": {
        "start": { "line": 48, "column": 0 },
        "end": { "line": 48, "column": 7 }
      },
      "48": {
        "start": { "line": 49, "column": 0 },
        "end": { "line": 49, "column": 4 }
      },
      "49": {
        "start": { "line": 50, "column": 0 },
        "end": { "line": 50, "column": 0 }
      },
      "50": {
        "start": { "line": 51, "column": 0 },
        "end": { "line": 51, "column": 10 }
      },
      "51": {
        "start": { "line": 52, "column": 0 },
        "end": { "line": 52, "column": 26 }
      },
      "52": {
        "start": { "line": 53, "column": 0 },
        "end": { "line": 53, "column": 33 }
      },
      "53": {
        "start": { "line": 54, "column": 0 },
        "end": { "line": 54, "column": 58 }
      },
      "54": {
        "start": { "line": 55, "column": 0 },
        "end": { "line": 55, "column": 11 }
      },
      "55": {
        "start": { "line": 56, "column": 0 },
        "end": { "line": 56, "column": 13 }
      },
      "56": {
        "start": { "line": 57, "column": 0 },
        "end": { "line": 57, "column": 19 }
      },
      "57": {
        "start": { "line": 58, "column": 0 },
        "end": { "line": 58, "column": 34 }
      },
      "58": {
        "start": { "line": 59, "column": 0 },
        "end": { "line": 59, "column": 60 }
      },
      "59": {
        "start": { "line": 60, "column": 0 },
        "end": { "line": 60, "column": 9 }
      },
      "60": {
        "start": { "line": 61, "column": 0 },
        "end": { "line": 61, "column": 24 }
      },
      "61": {
        "start": { "line": 62, "column": 0 },
        "end": { "line": 62, "column": 15 }
      },
      "62": {
        "start": { "line": 63, "column": 0 },
        "end": { "line": 63, "column": 8 }
      },
      "63": {
        "start": { "line": 64, "column": 0 },
        "end": { "line": 64, "column": 43 }
      },
      "64": {
        "start": { "line": 65, "column": 0 },
        "end": { "line": 65, "column": 23 }
      },
      "65": {
        "start": { "line": 66, "column": 0 },
        "end": { "line": 66, "column": 19 }
      },
      "66": {
        "start": { "line": 67, "column": 0 },
        "end": { "line": 67, "column": 13 }
      },
      "67": {
        "start": { "line": 68, "column": 0 },
        "end": { "line": 68, "column": 40 }
      },
      "68": {
        "start": { "line": 69, "column": 0 },
        "end": { "line": 69, "column": 22 }
      },
      "69": {
        "start": { "line": 70, "column": 0 },
        "end": { "line": 70, "column": 16 }
      },
      "70": {
        "start": { "line": 71, "column": 0 },
        "end": { "line": 71, "column": 10 }
      },
      "71": {
        "start": { "line": 72, "column": 0 },
        "end": { "line": 72, "column": 30 }
      },
      "72": {
        "start": { "line": 73, "column": 0 },
        "end": { "line": 73, "column": 10 }
      },
      "73": {
        "start": { "line": 74, "column": 0 },
        "end": { "line": 74, "column": 4 }
      },
      "74": {
        "start": { "line": 75, "column": 0 },
        "end": { "line": 75, "column": 2 }
      },
      "75": {
        "start": { "line": 76, "column": 0 },
        "end": { "line": 76, "column": 0 }
      },
      "76": {
        "start": { "line": 77, "column": 0 },
        "end": { "line": 77, "column": 20 }
      }
    },
    "s": {
      "0": 1,
      "1": 1,
      "2": 1,
      "3": 1,
      "4": 1,
      "5": 1,
      "6": 1,
      "7": 1,
      "8": 1,
      "9": 1,
      "10": 1,
      "11": 1,
      "12": 1,
      "13": 3,
      "14": 3,
      "15": 3,
      "16": 3,
      "17": 3,
      "18": 3,
      "19": 3,
      "20": 3,
      "21": 3,
      "22": 3,
      "23": 2,
      "24": 2,
      "25": 0,
      "26": 0,
      "27": 0,
      "28": 3,
      "29": 3,
      "30": 3,
      "31": 2,
      "32": 2,
      "33": 1,
      "34": 2,
      "35": 3,
      "36": 3,
      "37": 3,
      "38": 3,
      "39": 3,
      "40": 3,
      "41": 3,
      "42": 3,
      "43": 3,
      "44": 3,
      "45": 3,
      "46": 3,
      "47": 3,
      "48": 3,
      "49": 3,
      "50": 3,
      "51": 3,
      "52": 3,
      "53": 3,
      "54": 0,
      "55": 0,
      "56": 0,
      "57": 0,
      "58": 0,
      "59": 0,
      "60": 0,
      "61": 0,
      "62": 3,
      "63": 3,
      "64": 3,
      "65": 1,
      "66": 2,
      "67": 2,
      "68": 2,
      "69": 2,
      "70": 3,
      "71": 3,
      "72": 3,
      "73": 3,
      "74": 3,
      "75": 1,
      "76": 1
    },
    "branchMap": {
      "0": {
        "type": "branch",
        "line": 13,
        "loc": {
          "start": { "line": 13, "column": 13 },
          "end": { "line": 75, "column": 2 }
        },
        "locations": [
          {
            "start": { "line": 13, "column": 13 },
            "end": { "line": 75, "column": 2 }
          }
        ]
      },
      "1": {
        "type": "branch",
        "line": 19,
        "loc": {
          "start": { "line": 19, "column": 38 },
          "end": { "line": 19, "column": 47 }
        },
        "locations": [
          {
            "start": { "line": 19, "column": 38 },
            "end": { "line": 19, "column": 47 }
          }
        ]
      },
      "2": {
        "type": "branch",
        "line": 39,
        "loc": {
          "start": { "line": 39, "column": 22 },
          "end": { "line": 39, "column": 54 }
        },
        "locations": [
          {
            "start": { "line": 39, "column": 22 },
            "end": { "line": 39, "column": 54 }
          }
        ]
      },
      "3": {
        "type": "branch",
        "line": 54,
        "loc": {
          "start": { "line": 54, "column": 52 },
          "end": { "line": 62, "column": 15 }
        },
        "locations": [
          {
            "start": { "line": 54, "column": 52 },
            "end": { "line": 62, "column": 15 }
          }
        ]
      },
      "4": {
        "type": "branch",
        "line": 65,
        "loc": {
          "start": { "line": 65, "column": 10 },
          "end": { "line": 66, "column": 19 }
        },
        "locations": [
          {
            "start": { "line": 65, "column": 10 },
            "end": { "line": 66, "column": 19 }
          }
        ]
      },
      "5": {
        "type": "branch",
        "line": 66,
        "loc": {
          "start": { "line": 66, "column": 17 },
          "end": { "line": 70, "column": 16 }
        },
        "locations": [
          {
            "start": { "line": 66, "column": 17 },
            "end": { "line": 70, "column": 16 }
          }
        ]
      },
      "6": {
        "type": "branch",
        "line": 23,
        "loc": {
          "start": { "line": 23, "column": 32 },
          "end": { "line": 29, "column": 5 }
        },
        "locations": [
          {
            "start": { "line": 23, "column": 32 },
            "end": { "line": 29, "column": 5 }
          }
        ]
      },
      "7": {
        "type": "branch",
        "line": 25,
        "loc": {
          "start": { "line": 25, "column": 78 },
          "end": { "line": 28, "column": 30 }
        },
        "locations": [
          {
            "start": { "line": 25, "column": 78 },
            "end": { "line": 28, "column": 30 }
          }
        ]
      },
      "8": {
        "type": "branch",
        "line": 31,
        "loc": {
          "start": { "line": 31, "column": 18 },
          "end": { "line": 36, "column": 5 }
        },
        "locations": [
          {
            "start": { "line": 31, "column": 18 },
            "end": { "line": 36, "column": 5 }
          }
        ]
      },
      "9": {
        "type": "branch",
        "line": 33,
        "loc": {
          "start": { "line": 33, "column": 34 },
          "end": { "line": 34, "column": 43 }
        },
        "locations": [
          {
            "start": { "line": 33, "column": 34 },
            "end": { "line": 34, "column": 43 }
          }
        ]
      },
      "10": {
        "type": "branch",
        "line": 40,
        "loc": {
          "start": { "line": 40, "column": 21 },
          "end": { "line": 48, "column": 7 }
        },
        "locations": [
          {
            "start": { "line": 40, "column": 21 },
            "end": { "line": 48, "column": 7 }
          }
        ]
      }
    },
    "b": {
      "0": [3],
      "1": [1],
      "2": [0],
      "3": [0],
      "4": [1],
      "5": [2],
      "6": [2],
      "7": [0],
      "8": [2],
      "9": [1],
      "10": [3]
    },
    "fnMap": {
      "0": {
        "name": "Main",
        "decl": {
          "start": { "line": 13, "column": 13 },
          "end": { "line": 75, "column": 2 }
        },
        "loc": {
          "start": { "line": 13, "column": 13 },
          "end": { "line": 75, "column": 2 }
        },
        "line": 13
      },
      "1": {
        "name": "headerMain",
        "decl": {
          "start": { "line": 40, "column": 21 },
          "end": { "line": 48, "column": 7 }
        },
        "loc": {
          "start": { "line": 40, "column": 21 },
          "end": { "line": 48, "column": 7 }
        },
        "line": 40
      }
    },
    "f": { "0": 3, "1": 3 }
  },
  "E:\\STUDIES\\JS\\rs_school\\rsschool_react\\REACT2023\\src\\components\\Routing.tsx": {
    "path": "E:\\STUDIES\\JS\\rs_school\\rsschool_react\\REACT2023\\src\\components\\Routing.tsx",
    "all": false,
    "statementMap": {
      "0": {
        "start": { "line": 1, "column": 0 },
        "end": { "line": 1, "column": 49 }
      },
      "1": {
        "start": { "line": 2, "column": 0 },
        "end": { "line": 2, "column": 34 }
      },
      "2": {
        "start": { "line": 3, "column": 0 },
        "end": { "line": 3, "column": 40 }
      },
      "3": {
        "start": { "line": 4, "column": 0 },
        "end": { "line": 4, "column": 42 }
      },
      "4": {
        "start": { "line": 5, "column": 0 },
        "end": { "line": 5, "column": 0 }
      },
      "5": {
        "start": { "line": 6, "column": 0 },
        "end": { "line": 6, "column": 40 }
      },
      "6": {
        "start": { "line": 7, "column": 0 },
        "end": { "line": 7, "column": 10 }
      },
      "7": {
        "start": { "line": 8, "column": 0 },
        "end": { "line": 8, "column": 6 }
      },
      "8": {
        "start": { "line": 9, "column": 0 },
        "end": { "line": 9, "column": 14 }
      },
      "9": {
        "start": { "line": 10, "column": 0 },
        "end": { "line": 10, "column": 45 }
      },
      "10": {
        "start": { "line": 11, "column": 0 },
        "end": { "line": 11, "column": 61 }
      },
      "11": {
        "start": { "line": 12, "column": 0 },
        "end": { "line": 12, "column": 16 }
      },
      "12": {
        "start": { "line": 13, "column": 0 },
        "end": { "line": 13, "column": 51 }
      },
      "13": {
        "start": { "line": 14, "column": 0 },
        "end": { "line": 14, "column": 15 }
      },
      "14": {
        "start": { "line": 15, "column": 0 },
        "end": { "line": 15, "column": 7 }
      },
      "15": {
        "start": { "line": 16, "column": 0 },
        "end": { "line": 16, "column": 4 }
      },
      "16": {
        "start": { "line": 17, "column": 0 },
        "end": { "line": 17, "column": 1 }
      }
    },
    "s": {
      "0": 1,
      "1": 1,
      "2": 1,
      "3": 1,
      "4": 1,
      "5": 1,
      "6": 2,
      "7": 2,
      "8": 2,
      "9": 2,
      "10": 2,
      "11": 2,
      "12": 2,
      "13": 2,
      "14": 2,
      "15": 2,
      "16": 2
    },
    "branchMap": {
      "0": {
        "type": "branch",
        "line": 6,
        "loc": {
          "start": { "line": 6, "column": 7 },
          "end": { "line": 17, "column": 1 }
        },
        "locations": [
          {
            "start": { "line": 6, "column": 7 },
            "end": { "line": 17, "column": 1 }
          }
        ]
      }
    },
    "b": { "0": [2] },
    "fnMap": {
      "0": {
        "name": "Routing",
        "decl": {
          "start": { "line": 6, "column": 7 },
          "end": { "line": 17, "column": 1 }
        },
        "loc": {
          "start": { "line": 6, "column": 7 },
          "end": { "line": 17, "column": 1 }
        },
        "line": 6
      }
    },
    "f": { "0": 2 }
  },
  "E:\\STUDIES\\JS\\rs_school\\rsschool_react\\REACT2023\\src\\components\\API\\cardApi.ts": {
    "path": "E:\\STUDIES\\JS\\rs_school\\rsschool_react\\REACT2023\\src\\components\\API\\cardApi.ts",
    "all": false,
    "statementMap": {
      "0": {
        "start": { "line": 1, "column": 0 },
        "end": { "line": 1, "column": 47 }
      },
      "1": {
        "start": { "line": 2, "column": 0 },
        "end": { "line": 2, "column": 0 }
      },
      "2": {
        "start": { "line": 3, "column": 0 },
        "end": { "line": 3, "column": 16 }
      },
      "3": {
        "start": { "line": 4, "column": 0 },
        "end": { "line": 4, "column": 37 }
      },
      "4": {
        "start": { "line": 5, "column": 0 },
        "end": { "line": 5, "column": 51 }
      },
      "5": {
        "start": { "line": 6, "column": 0 },
        "end": { "line": 6, "column": 52 }
      },
      "6": {
        "start": { "line": 7, "column": 0 },
        "end": { "line": 7, "column": 46 }
      },
      "7": {
        "start": { "line": 8, "column": 0 },
        "end": { "line": 8, "column": 16 }
      },
      "8": {
        "start": { "line": 9, "column": 0 },
        "end": { "line": 9, "column": 4 }
      },
      "9": {
        "start": { "line": 10, "column": 0 },
        "end": { "line": 10, "column": 2 }
      }
    },
    "s": {
      "0": 1,
      "1": 1,
      "2": 1,
      "3": 1,
      "4": 3,
      "5": 3,
      "6": 3,
      "7": 3,
      "8": 3,
      "9": 1
    },
    "branchMap": {
      "0": {
        "type": "branch",
        "line": 4,
        "loc": {
          "start": { "line": 4, "column": 14 },
          "end": { "line": 9, "column": 4 }
        },
        "locations": [
          {
            "start": { "line": 4, "column": 14 },
            "end": { "line": 9, "column": 4 }
          }
        ]
      }
    },
    "b": { "0": [3] },
    "fnMap": {
      "0": {
        "name": "uploadCard",
        "decl": {
          "start": { "line": 4, "column": 14 },
          "end": { "line": 9, "column": 4 }
        },
        "loc": {
          "start": { "line": 4, "column": 14 },
          "end": { "line": 9, "column": 4 }
        },
        "line": 4
      }
    },
    "f": { "0": 3 }
  },
  "E:\\STUDIES\\JS\\rs_school\\rsschool_react\\REACT2023\\src\\components\\API\\cardsApi.ts": {
    "path": "E:\\STUDIES\\JS\\rs_school\\rsschool_react\\REACT2023\\src\\components\\API\\cardsApi.ts",
    "all": false,
    "statementMap": {
      "0": {
        "start": { "line": 1, "column": 0 },
        "end": { "line": 1, "column": 47 }
      },
      "1": {
        "start": { "line": 2, "column": 0 },
        "end": { "line": 2, "column": 0 }
      },
      "2": {
        "start": { "line": 3, "column": 0 },
        "end": { "line": 3, "column": 43 }
      },
      "3": {
        "start": { "line": 4, "column": 0 },
        "end": { "line": 4, "column": 0 }
      },
      "4": {
        "start": { "line": 5, "column": 0 },
        "end": { "line": 5, "column": 16 }
      },
      "5": {
        "start": { "line": 6, "column": 0 },
        "end": { "line": 6, "column": 22 }
      },
      "6": {
        "start": { "line": 7, "column": 0 },
        "end": { "line": 7, "column": 15 }
      },
      "7": {
        "start": { "line": 8, "column": 0 },
        "end": { "line": 8, "column": 16 }
      },
      "8": {
        "start": { "line": 9, "column": 0 },
        "end": { "line": 9, "column": 17 }
      },
      "9": {
        "start": { "line": 10, "column": 0 },
        "end": { "line": 10, "column": 36 }
      },
      "10": {
        "start": { "line": 11, "column": 0 },
        "end": { "line": 11, "column": 36 }
      },
      "11": {
        "start": { "line": 12, "column": 0 },
        "end": { "line": 12, "column": 0 }
      },
      "12": {
        "start": { "line": 13, "column": 0 },
        "end": { "line": 13, "column": 22 }
      },
      "13": {
        "start": { "line": 14, "column": 0 },
        "end": { "line": 14, "column": 36 }
      },
      "14": {
        "start": { "line": 15, "column": 0 },
        "end": { "line": 15, "column": 62 }
      },
      "15": {
        "start": { "line": 16, "column": 0 },
        "end": { "line": 16, "column": 0 }
      },
      "16": {
        "start": { "line": 17, "column": 0 },
        "end": { "line": 17, "column": 53 }
      },
      "17": {
        "start": { "line": 18, "column": 0 },
        "end": { "line": 18, "column": 51 }
      },
      "18": {
        "start": { "line": 19, "column": 0 },
        "end": { "line": 19, "column": 0 }
      },
      "19": {
        "start": { "line": 20, "column": 0 },
        "end": { "line": 20, "column": 80 }
      },
      "20": {
        "start": { "line": 21, "column": 0 },
        "end": { "line": 21, "column": 39 }
      },
      "21": {
        "start": { "line": 22, "column": 0 },
        "end": { "line": 22, "column": 35 }
      },
      "22": {
        "start": { "line": 23, "column": 0 },
        "end": { "line": 23, "column": 38 }
      },
      "23": {
        "start": { "line": 24, "column": 0 },
        "end": { "line": 24, "column": 55 }
      },
      "24": {
        "start": { "line": 25, "column": 0 },
        "end": { "line": 25, "column": 31 }
      },
      "25": {
        "start": { "line": 26, "column": 0 },
        "end": { "line": 26, "column": 4 }
      },
      "26": {
        "start": { "line": 27, "column": 0 },
        "end": { "line": 27, "column": 2 }
      }
    },
    "s": {
      "0": 1,
      "1": 1,
      "2": 1,
      "3": 1,
      "4": 1,
      "5": 1,
      "6": 2,
      "7": 2,
      "8": 2,
      "9": 2,
      "10": 2,
      "11": 2,
      "12": 2,
      "13": 2,
      "14": 2,
      "15": 2,
      "16": 2,
      "17": 2,
      "18": 2,
      "19": 2,
      "20": 0,
      "21": 0,
      "22": 0,
      "23": 0,
      "24": 0,
      "25": 2,
      "26": 1
    },
    "branchMap": {
      "0": {
        "type": "branch",
        "line": 6,
        "loc": {
          "start": { "line": 6, "column": 15 },
          "end": { "line": 26, "column": 4 }
        },
        "locations": [
          {
            "start": { "line": 6, "column": 15 },
            "end": { "line": 26, "column": 4 }
          }
        ]
      },
      "1": {
        "type": "branch",
        "line": 20,
        "loc": {
          "start": { "line": 20, "column": 78 },
          "end": { "line": 25, "column": 31 }
        },
        "locations": [
          {
            "start": { "line": 20, "column": 78 },
            "end": { "line": 25, "column": 31 }
          }
        ]
      }
    },
    "b": { "0": [2], "1": [0] },
    "fnMap": {
      "0": {
        "name": "uploadCards",
        "decl": {
          "start": { "line": 6, "column": 15 },
          "end": { "line": 26, "column": 4 }
        },
        "loc": {
          "start": { "line": 6, "column": 15 },
          "end": { "line": 26, "column": 4 }
        },
        "line": 6
      }
    },
    "f": { "0": 2 }
  },
  "E:\\STUDIES\\JS\\rs_school\\rsschool_react\\REACT2023\\src\\components\\Cards\\Card.tsx": {
    "path": "E:\\STUDIES\\JS\\rs_school\\rsschool_react\\REACT2023\\src\\components\\Cards\\Card.tsx",
    "all": false,
    "statementMap": {
      "0": {
        "start": { "line": 1, "column": 0 },
        "end": { "line": 1, "column": 26 }
      },
      "1": {
        "start": { "line": 2, "column": 0 },
        "end": { "line": 2, "column": 51 }
      },
      "2": {
        "start": { "line": 3, "column": 0 },
        "end": { "line": 3, "column": 40 }
      },
      "3": {
        "start": { "line": 4, "column": 0 },
        "end": { "line": 4, "column": 45 }
      },
      "4": {
        "start": { "line": 5, "column": 0 },
        "end": { "line": 5, "column": 51 }
      },
      "5": {
        "start": { "line": 6, "column": 0 },
        "end": { "line": 6, "column": 34 }
      },
      "6": {
        "start": { "line": 7, "column": 0 },
        "end": { "line": 7, "column": 21 }
      },
      "7": {
        "start": { "line": 8, "column": 0 },
        "end": { "line": 8, "column": 0 }
      },
      "8": {
        "start": { "line": 9, "column": 0 },
        "end": { "line": 9, "column": 48 }
      },
      "9": {
        "start": { "line": 10, "column": 0 },
        "end": { "line": 10, "column": 29 }
      },
      "10": {
        "start": { "line": 11, "column": 0 },
        "end": { "line": 11, "column": 43 }
      },
      "11": {
        "start": { "line": 12, "column": 0 },
        "end": { "line": 12, "column": 47 }
      },
      "12": {
        "start": { "line": 13, "column": 0 },
        "end": { "line": 13, "column": 50 }
      },
      "13": {
        "start": { "line": 14, "column": 0 },
        "end": { "line": 14, "column": 0 }
      },
      "14": {
        "start": { "line": 15, "column": 0 },
        "end": { "line": 15, "column": 21 }
      },
      "15": {
        "start": { "line": 16, "column": 0 },
        "end": { "line": 16, "column": 60 }
      },
      "16": {
        "start": { "line": 17, "column": 0 },
        "end": { "line": 17, "column": 3 }
      },
      "17": {
        "start": { "line": 18, "column": 0 },
        "end": { "line": 18, "column": 0 }
      },
      "18": {
        "start": { "line": 19, "column": 0 },
        "end": { "line": 19, "column": 66 }
      },
      "19": {
        "start": { "line": 20, "column": 0 },
        "end": { "line": 20, "column": 54 }
      },
      "20": {
        "start": { "line": 21, "column": 0 },
        "end": { "line": 21, "column": 0 }
      },
      "21": {
        "start": { "line": 22, "column": 0 },
        "end": { "line": 22, "column": 35 }
      },
      "22": {
        "start": { "line": 23, "column": 0 },
        "end": { "line": 23, "column": 37 }
      },
      "23": {
        "start": { "line": 24, "column": 0 },
        "end": { "line": 24, "column": 50 }
      },
      "24": {
        "start": { "line": 25, "column": 0 },
        "end": { "line": 25, "column": 11 }
      },
      "25": {
        "start": { "line": 26, "column": 0 },
        "end": { "line": 26, "column": 7 }
      },
      "26": {
        "start": { "line": 27, "column": 0 },
        "end": { "line": 27, "column": 76 }
      },
      "27": {
        "start": { "line": 28, "column": 0 },
        "end": { "line": 28, "column": 4 }
      },
      "28": {
        "start": { "line": 29, "column": 0 },
        "end": { "line": 29, "column": 2 }
      },
      "29": {
        "start": { "line": 30, "column": 0 },
        "end": { "line": 30, "column": 0 }
      },
      "30": {
        "start": { "line": 31, "column": 0 },
        "end": { "line": 31, "column": 20 }
      }
    },
    "s": {
      "0": 1,
      "1": 1,
      "2": 1,
      "3": 1,
      "4": 1,
      "5": 1,
      "6": 1,
      "7": 1,
      "8": 1,
      "9": 16,
      "10": 16,
      "11": 16,
      "12": 16,
      "13": 16,
      "14": 16,
      "15": 0,
      "16": 0,
      "17": 16,
      "18": 16,
      "19": 16,
      "20": 16,
      "21": 16,
      "22": 16,
      "23": 16,
      "24": 16,
      "25": 0,
      "26": 0,
      "27": 16,
      "28": 16,
      "29": 1,
      "30": 1
    },
    "branchMap": {
      "0": {
        "type": "branch",
        "line": 9,
        "loc": {
          "start": { "line": 9, "column": 13 },
          "end": { "line": 29, "column": 2 }
        },
        "locations": [
          {
            "start": { "line": 9, "column": 13 },
            "end": { "line": 29, "column": 2 }
          }
        ]
      },
      "1": {
        "type": "branch",
        "line": 12,
        "loc": {
          "start": { "line": 12, "column": 38 },
          "end": { "line": 12, "column": 47 }
        },
        "locations": [
          {
            "start": { "line": 12, "column": 38 },
            "end": { "line": 12, "column": 47 }
          }
        ]
      },
      "2": {
        "type": "branch",
        "line": 15,
        "loc": {
          "start": { "line": 15, "column": 20 },
          "end": { "line": 17, "column": 3 }
        },
        "locations": [
          {
            "start": { "line": 15, "column": 20 },
            "end": { "line": 17, "column": 3 }
          }
        ]
      },
      "3": {
        "type": "branch",
        "line": 20,
        "loc": {
          "start": { "line": 20, "column": 22 },
          "end": { "line": 20, "column": 54 }
        },
        "locations": [
          {
            "start": { "line": 20, "column": 22 },
            "end": { "line": 20, "column": 54 }
          }
        ]
      },
      "4": {
        "type": "branch",
        "line": 25,
        "loc": {
          "start": { "line": 25, "column": 4 },
          "end": { "line": 27, "column": 76 }
        },
        "locations": [
          {
            "start": { "line": 25, "column": 4 },
            "end": { "line": 27, "column": 76 }
          }
        ]
      }
    },
    "b": { "0": [16], "1": [15], "2": [0], "3": [0], "4": [0] },
    "fnMap": {
      "0": {
        "name": "Card",
        "decl": {
          "start": { "line": 9, "column": 13 },
          "end": { "line": 29, "column": 2 }
        },
        "loc": {
          "start": { "line": 9, "column": 13 },
          "end": { "line": 29, "column": 2 }
        },
        "line": 9
      }
    },
    "f": { "0": 16 }
  },
  "E:\\STUDIES\\JS\\rs_school\\rsschool_react\\REACT2023\\src\\components\\Cards\\CardDetails.tsx": {
    "path": "E:\\STUDIES\\JS\\rs_school\\rsschool_react\\REACT2023\\src\\components\\Cards\\CardDetails.tsx",
    "all": false,
    "statementMap": {
      "0": {
        "start": { "line": 1, "column": 0 },
        "end": { "line": 1, "column": 26 }
      },
      "1": {
        "start": { "line": 2, "column": 0 },
        "end": { "line": 2, "column": 51 }
      },
      "2": {
        "start": { "line": 3, "column": 0 },
        "end": { "line": 3, "column": 21 }
      },
      "3": {
        "start": { "line": 4, "column": 0 },
        "end": { "line": 4, "column": 0 }
      },
      "4": {
        "start": { "line": 5, "column": 0 },
        "end": { "line": 5, "column": 55 }
      },
      "5": {
        "start": { "line": 6, "column": 0 },
        "end": { "line": 6, "column": 20 }
      },
      "6": {
        "start": { "line": 7, "column": 0 },
        "end": { "line": 7, "column": 6 }
      },
      "7": {
        "start": { "line": 8, "column": 0 },
        "end": { "line": 8, "column": 34 }
      },
      "8": {
        "start": { "line": 9, "column": 0 },
        "end": { "line": 9, "column": 21 }
      },
      "9": {
        "start": { "line": 10, "column": 0 },
        "end": { "line": 10, "column": 28 }
      },
      "10": {
        "start": { "line": 11, "column": 0 },
        "end": { "line": 11, "column": 12 }
      },
      "11": {
        "start": { "line": 12, "column": 0 },
        "end": { "line": 12, "column": 34 }
      },
      "12": {
        "start": { "line": 13, "column": 0 },
        "end": { "line": 13, "column": 21 }
      },
      "13": {
        "start": { "line": 14, "column": 0 },
        "end": { "line": 14, "column": 28 }
      },
      "14": {
        "start": { "line": 15, "column": 0 },
        "end": { "line": 15, "column": 12 }
      },
      "15": {
        "start": { "line": 16, "column": 0 },
        "end": { "line": 16, "column": 34 }
      },
      "16": {
        "start": { "line": 17, "column": 0 },
        "end": { "line": 17, "column": 27 }
      },
      "17": {
        "start": { "line": 18, "column": 0 },
        "end": { "line": 18, "column": 33 }
      },
      "18": {
        "start": { "line": 19, "column": 0 },
        "end": { "line": 19, "column": 12 }
      },
      "19": {
        "start": { "line": 20, "column": 0 },
        "end": { "line": 20, "column": 34 }
      },
      "20": {
        "start": { "line": 21, "column": 0 },
        "end": { "line": 21, "column": 25 }
      },
      "21": {
        "start": { "line": 22, "column": 0 },
        "end": { "line": 22, "column": 31 }
      },
      "22": {
        "start": { "line": 23, "column": 0 },
        "end": { "line": 23, "column": 12 }
      },
      "23": {
        "start": { "line": 24, "column": 0 },
        "end": { "line": 24, "column": 7 }
      },
      "24": {
        "start": { "line": 25, "column": 0 },
        "end": { "line": 25, "column": 7 }
      },
      "25": {
        "start": { "line": 26, "column": 0 },
        "end": { "line": 26, "column": 6 }
      },
      "26": {
        "start": { "line": 27, "column": 0 },
        "end": { "line": 27, "column": 4 }
      },
      "27": {
        "start": { "line": 28, "column": 0 },
        "end": { "line": 28, "column": 2 }
      },
      "28": {
        "start": { "line": 29, "column": 0 },
        "end": { "line": 29, "column": 0 }
      },
      "29": {
        "start": { "line": 30, "column": 0 },
        "end": { "line": 30, "column": 27 }
      }
    },
    "s": {
      "0": 1,
      "1": 1,
      "2": 1,
      "3": 1,
      "4": 1,
      "5": 16,
      "6": 6,
      "7": 6,
      "8": 6,
      "9": 6,
      "10": 6,
      "11": 6,
      "12": 6,
      "13": 6,
      "14": 6,
      "15": 6,
      "16": 6,
      "17": 6,
      "18": 6,
      "19": 6,
      "20": 6,
      "21": 6,
      "22": 6,
      "23": 6,
      "24": 10,
      "25": 10,
      "26": 16,
      "27": 16,
      "28": 1,
      "29": 1
    },
    "branchMap": {
      "0": {
        "type": "branch",
        "line": 5,
        "loc": {
          "start": { "line": 5, "column": 20 },
          "end": { "line": 28, "column": 2 }
        },
        "locations": [
          {
            "start": { "line": 5, "column": 20 },
            "end": { "line": 28, "column": 2 }
          }
        ]
      },
      "1": {
        "type": "branch",
        "line": 6,
        "loc": {
          "start": { "line": 6, "column": 9 },
          "end": { "line": 24, "column": 7 }
        },
        "locations": [
          {
            "start": { "line": 6, "column": 9 },
            "end": { "line": 24, "column": 7 }
          }
        ]
      },
      "2": {
        "type": "branch",
        "line": 24,
        "loc": {
          "start": { "line": 24, "column": 4 },
          "end": { "line": 26, "column": 6 }
        },
        "locations": [
          {
            "start": { "line": 24, "column": 4 },
            "end": { "line": 26, "column": 6 }
          }
        ]
      }
    },
    "b": { "0": [16], "1": [6], "2": [10] },
    "fnMap": {
      "0": {
        "name": "CardDetails",
        "decl": {
          "start": { "line": 5, "column": 20 },
          "end": { "line": 28, "column": 2 }
        },
        "loc": {
          "start": { "line": 5, "column": 20 },
          "end": { "line": 28, "column": 2 }
        },
        "line": 5
      }
    },
    "f": { "0": 16 }
  },
  "E:\\STUDIES\\JS\\rs_school\\rsschool_react\\REACT2023\\src\\components\\Cards\\CardInfo.tsx": {
    "path": "E:\\STUDIES\\JS\\rs_school\\rsschool_react\\REACT2023\\src\\components\\Cards\\CardInfo.tsx",
    "all": false,
    "statementMap": {
      "0": {
        "start": { "line": 1, "column": 0 },
        "end": { "line": 1, "column": 26 }
      },
      "1": {
        "start": { "line": 2, "column": 0 },
        "end": { "line": 2, "column": 51 }
      },
      "2": {
        "start": { "line": 3, "column": 0 },
        "end": { "line": 3, "column": 40 }
      },
      "3": {
        "start": { "line": 4, "column": 0 },
        "end": { "line": 4, "column": 21 }
      },
      "4": {
        "start": { "line": 5, "column": 0 },
        "end": { "line": 5, "column": 0 }
      },
      "5": {
        "start": { "line": 6, "column": 0 },
        "end": { "line": 6, "column": 52 }
      },
      "6": {
        "start": { "line": 7, "column": 0 },
        "end": { "line": 7, "column": 10 }
      },
      "7": {
        "start": { "line": 8, "column": 0 },
        "end": { "line": 8, "column": 6 }
      },
      "8": {
        "start": { "line": 9, "column": 0 },
        "end": { "line": 9, "column": 33 }
      },
      "9": {
        "start": { "line": 10, "column": 0 },
        "end": { "line": 10, "column": 45 }
      },
      "10": {
        "start": { "line": 11, "column": 0 },
        "end": { "line": 11, "column": 12 }
      },
      "11": {
        "start": { "line": 12, "column": 0 },
        "end": { "line": 12, "column": 37 }
      },
      "12": {
        "start": { "line": 13, "column": 0 },
        "end": { "line": 13, "column": 36 }
      },
      "13": {
        "start": { "line": 14, "column": 0 },
        "end": { "line": 14, "column": 50 }
      },
      "14": {
        "start": { "line": 15, "column": 0 },
        "end": { "line": 15, "column": 14 }
      },
      "15": {
        "start": { "line": 16, "column": 0 },
        "end": { "line": 16, "column": 36 }
      },
      "16": {
        "start": { "line": 17, "column": 0 },
        "end": { "line": 17, "column": 21 }
      },
      "17": {
        "start": { "line": 18, "column": 0 },
        "end": { "line": 18, "column": 28 }
      },
      "18": {
        "start": { "line": 19, "column": 0 },
        "end": { "line": 19, "column": 14 }
      },
      "19": {
        "start": { "line": 20, "column": 0 },
        "end": { "line": 20, "column": 36 }
      },
      "20": {
        "start": { "line": 21, "column": 0 },
        "end": { "line": 21, "column": 24 }
      },
      "21": {
        "start": { "line": 22, "column": 0 },
        "end": { "line": 22, "column": 31 }
      },
      "22": {
        "start": { "line": 23, "column": 0 },
        "end": { "line": 23, "column": 14 }
      },
      "23": {
        "start": { "line": 24, "column": 0 },
        "end": { "line": 24, "column": 36 }
      },
      "24": {
        "start": { "line": 25, "column": 0 },
        "end": { "line": 25, "column": 27 }
      },
      "25": {
        "start": { "line": 26, "column": 0 },
        "end": { "line": 26, "column": 33 }
      },
      "26": {
        "start": { "line": 27, "column": 0 },
        "end": { "line": 27, "column": 14 }
      },
      "27": {
        "start": { "line": 28, "column": 0 },
        "end": { "line": 28, "column": 36 }
      },
      "28": {
        "start": { "line": 29, "column": 0 },
        "end": { "line": 29, "column": 24 }
      },
      "29": {
        "start": { "line": 30, "column": 0 },
        "end": { "line": 30, "column": 31 }
      },
      "30": {
        "start": { "line": 31, "column": 0 },
        "end": { "line": 31, "column": 14 }
      },
      "31": {
        "start": { "line": 32, "column": 0 },
        "end": { "line": 32, "column": 36 }
      },
      "32": {
        "start": { "line": 33, "column": 0 },
        "end": { "line": 33, "column": 24 }
      },
      "33": {
        "start": { "line": 34, "column": 0 },
        "end": { "line": 34, "column": 31 }
      },
      "34": {
        "start": { "line": 35, "column": 0 },
        "end": { "line": 35, "column": 14 }
      },
      "35": {
        "start": { "line": 36, "column": 0 },
        "end": { "line": 36, "column": 36 }
      },
      "36": {
        "start": { "line": 37, "column": 0 },
        "end": { "line": 37, "column": 28 }
      },
      "37": {
        "start": { "line": 38, "column": 0 },
        "end": { "line": 38, "column": 34 }
      },
      "38": {
        "start": { "line": 39, "column": 0 },
        "end": { "line": 39, "column": 14 }
      },
      "39": {
        "start": { "line": 40, "column": 0 },
        "end": { "line": 40, "column": 55 }
      },
      "40": {
        "start": { "line": 41, "column": 0 },
        "end": { "line": 41, "column": 12 }
      },
      "41": {
        "start": { "line": 42, "column": 0 },
        "end": { "line": 42, "column": 7 }
      },
      "42": {
        "start": { "line": 43, "column": 0 },
        "end": { "line": 43, "column": 4 }
      },
      "43": {
        "start": { "line": 44, "column": 0 },
        "end": { "line": 44, "column": 2 }
      },
      "44": {
        "start": { "line": 45, "column": 0 },
        "end": { "line": 45, "column": 0 }
      },
      "45": {
        "start": { "line": 46, "column": 0 },
        "end": { "line": 46, "column": 24 }
      }
    },
    "s": {
      "0": 1,
      "1": 1,
      "2": 1,
      "3": 1,
      "4": 1,
      "5": 1,
      "6": 16,
      "7": 16,
      "8": 16,
      "9": 16,
      "10": 16,
      "11": 16,
      "12": 16,
      "13": 16,
      "14": 16,
      "15": 16,
      "16": 16,
      "17": 16,
      "18": 16,
      "19": 16,
      "20": 16,
      "21": 16,
      "22": 16,
      "23": 16,
      "24": 16,
      "25": 16,
      "26": 16,
      "27": 16,
      "28": 16,
      "29": 16,
      "30": 16,
      "31": 16,
      "32": 16,
      "33": 16,
      "34": 16,
      "35": 16,
      "36": 16,
      "37": 16,
      "38": 16,
      "39": 16,
      "40": 16,
      "41": 16,
      "42": 16,
      "43": 16,
      "44": 1,
      "45": 1
    },
    "branchMap": {
      "0": {
        "type": "branch",
        "line": 6,
        "loc": {
          "start": { "line": 6, "column": 17 },
          "end": { "line": 44, "column": 2 }
        },
        "locations": [
          {
            "start": { "line": 6, "column": 17 },
            "end": { "line": 44, "column": 2 }
          }
        ]
      }
    },
    "b": { "0": [16] },
    "fnMap": {
      "0": {
        "name": "CardInfo",
        "decl": {
          "start": { "line": 6, "column": 17 },
          "end": { "line": 44, "column": 2 }
        },
        "loc": {
          "start": { "line": 6, "column": 17 },
          "end": { "line": 44, "column": 2 }
        },
        "line": 6
      }
    },
    "f": { "0": 16 }
  },
  "E:\\STUDIES\\JS\\rs_school\\rsschool_react\\REACT2023\\src\\components\\Cards\\CardPage.tsx": {
    "path": "E:\\STUDIES\\JS\\rs_school\\rsschool_react\\REACT2023\\src\\components\\Cards\\CardPage.tsx",
    "all": false,
    "statementMap": {
      "0": {
        "start": { "line": 1, "column": 0 },
        "end": { "line": 1, "column": 64 }
      },
      "1": {
        "start": { "line": 2, "column": 0 },
        "end": { "line": 2, "column": 45 }
      },
      "2": {
        "start": { "line": 3, "column": 0 },
        "end": { "line": 3, "column": 37 }
      },
      "3": {
        "start": { "line": 4, "column": 0 },
        "end": { "line": 4, "column": 47 }
      },
      "4": {
        "start": { "line": 5, "column": 0 },
        "end": { "line": 5, "column": 38 }
      },
      "5": {
        "start": { "line": 6, "column": 0 },
        "end": { "line": 6, "column": 26 }
      },
      "6": {
        "start": { "line": 7, "column": 0 },
        "end": { "line": 7, "column": 40 }
      },
      "7": {
        "start": { "line": 8, "column": 0 },
        "end": { "line": 8, "column": 51 }
      },
      "8": {
        "start": { "line": 9, "column": 0 },
        "end": { "line": 9, "column": 21 }
      },
      "9": {
        "start": { "line": 10, "column": 0 },
        "end": { "line": 10, "column": 0 }
      },
      "10": {
        "start": { "line": 11, "column": 0 },
        "end": { "line": 11, "column": 24 }
      },
      "11": {
        "start": { "line": 12, "column": 0 },
        "end": { "line": 12, "column": 29 }
      },
      "12": {
        "start": { "line": 13, "column": 0 },
        "end": { "line": 13, "column": 43 }
      },
      "13": {
        "start": { "line": 14, "column": 0 },
        "end": { "line": 14, "column": 51 }
      },
      "14": {
        "start": { "line": 15, "column": 0 },
        "end": { "line": 15, "column": 61 }
      },
      "15": {
        "start": { "line": 16, "column": 0 },
        "end": { "line": 16, "column": 47 }
      },
      "16": {
        "start": { "line": 17, "column": 0 },
        "end": { "line": 17, "column": 50 }
      },
      "17": {
        "start": { "line": 18, "column": 0 },
        "end": { "line": 18, "column": 0 }
      },
      "18": {
        "start": { "line": 19, "column": 0 },
        "end": { "line": 19, "column": 30 }
      },
      "19": {
        "start": { "line": 20, "column": 0 },
        "end": { "line": 20, "column": 54 }
      },
      "20": {
        "start": { "line": 21, "column": 0 },
        "end": { "line": 21, "column": 0 }
      },
      "21": {
        "start": { "line": 22, "column": 0 },
        "end": { "line": 22, "column": 44 }
      },
      "22": {
        "start": { "line": 23, "column": 0 },
        "end": { "line": 23, "column": 23 }
      },
      "23": {
        "start": { "line": 24, "column": 0 },
        "end": { "line": 24, "column": 71 }
      },
      "24": {
        "start": { "line": 25, "column": 0 },
        "end": { "line": 25, "column": 18 }
      },
      "25": {
        "start": { "line": 26, "column": 0 },
        "end": { "line": 26, "column": 24 }
      },
      "26": {
        "start": { "line": 27, "column": 0 },
        "end": { "line": 27, "column": 15 }
      },
      "27": {
        "start": { "line": 28, "column": 0 },
        "end": { "line": 28, "column": 0 }
      },
      "28": {
        "start": { "line": 29, "column": 0 },
        "end": { "line": 29, "column": 19 }
      },
      "29": {
        "start": { "line": 30, "column": 0 },
        "end": { "line": 30, "column": 15 }
      },
      "30": {
        "start": { "line": 31, "column": 0 },
        "end": { "line": 31, "column": 25 }
      },
      "31": {
        "start": { "line": 32, "column": 0 },
        "end": { "line": 32, "column": 0 }
      },
      "32": {
        "start": { "line": 33, "column": 0 },
        "end": { "line": 33, "column": 10 }
      },
      "33": {
        "start": { "line": 34, "column": 0 },
        "end": { "line": 34, "column": 66 }
      },
      "34": {
        "start": { "line": 35, "column": 0 },
        "end": { "line": 35, "column": 52 }
      },
      "35": {
        "start": { "line": 36, "column": 0 },
        "end": { "line": 36, "column": 21 }
      },
      "36": {
        "start": { "line": 37, "column": 0 },
        "end": { "line": 37, "column": 43 }
      },
      "37": {
        "start": { "line": 38, "column": 0 },
        "end": { "line": 38, "column": 11 }
      },
      "38": {
        "start": { "line": 39, "column": 0 },
        "end": { "line": 39, "column": 38 }
      },
      "39": {
        "start": { "line": 40, "column": 0 },
        "end": { "line": 40, "column": 20 }
      },
      "40": {
        "start": { "line": 41, "column": 0 },
        "end": { "line": 41, "column": 14 }
      },
      "41": {
        "start": { "line": 42, "column": 0 },
        "end": { "line": 42, "column": 8 }
      },
      "42": {
        "start": { "line": 43, "column": 0 },
        "end": { "line": 43, "column": 10 }
      },
      "43": {
        "start": { "line": 44, "column": 0 },
        "end": { "line": 44, "column": 4 }
      },
      "44": {
        "start": { "line": 45, "column": 0 },
        "end": { "line": 45, "column": 2 }
      },
      "45": {
        "start": { "line": 46, "column": 0 },
        "end": { "line": 46, "column": 0 }
      },
      "46": {
        "start": { "line": 47, "column": 0 },
        "end": { "line": 47, "column": 24 }
      }
    },
    "s": {
      "0": 1,
      "1": 1,
      "2": 1,
      "3": 1,
      "4": 1,
      "5": 1,
      "6": 1,
      "7": 1,
      "8": 1,
      "9": 1,
      "10": 1,
      "11": 4,
      "12": 4,
      "13": 4,
      "14": 4,
      "15": 4,
      "16": 4,
      "17": 4,
      "18": 4,
      "19": 4,
      "20": 4,
      "21": 4,
      "22": 3,
      "23": 3,
      "24": 3,
      "25": 3,
      "26": 4,
      "27": 4,
      "28": 4,
      "29": 3,
      "30": 4,
      "31": 4,
      "32": 4,
      "33": 4,
      "34": 4,
      "35": 4,
      "36": 1,
      "37": 3,
      "38": 3,
      "39": 3,
      "40": 3,
      "41": 4,
      "42": 4,
      "43": 4,
      "44": 4,
      "45": 1,
      "46": 1
    },
    "branchMap": {
      "0": {
        "type": "branch",
        "line": 11,
        "loc": {
          "start": { "line": 11, "column": 17 },
          "end": { "line": 45, "column": 2 }
        },
        "locations": [
          {
            "start": { "line": 11, "column": 17 },
            "end": { "line": 45, "column": 2 }
          }
        ]
      },
      "1": {
        "type": "branch",
        "line": 20,
        "loc": {
          "start": { "line": 20, "column": 22 },
          "end": { "line": 20, "column": 54 }
        },
        "locations": [
          {
            "start": { "line": 20, "column": 22 },
            "end": { "line": 20, "column": 54 }
          }
        ]
      },
      "2": {
        "type": "branch",
        "line": 36,
        "loc": {
          "start": { "line": 36, "column": 8 },
          "end": { "line": 37, "column": 43 }
        },
        "locations": [
          {
            "start": { "line": 36, "column": 8 },
            "end": { "line": 37, "column": 43 }
          }
        ]
      },
      "3": {
        "type": "branch",
        "line": 37,
        "loc": {
          "start": { "line": 37, "column": 41 },
          "end": { "line": 41, "column": 14 }
        },
        "locations": [
          {
            "start": { "line": 37, "column": 41 },
            "end": { "line": 41, "column": 14 }
          }
        ]
      },
      "4": {
        "type": "branch",
        "line": 22,
        "loc": {
          "start": { "line": 22, "column": 31 },
          "end": { "line": 27, "column": 5 }
        },
        "locations": [
          {
            "start": { "line": 22, "column": 31 },
            "end": { "line": 27, "column": 5 }
          }
        ]
      },
      "5": {
        "type": "branch",
        "line": 24,
        "loc": {
          "start": { "line": 24, "column": 49 },
          "end": { "line": 24, "column": 62 }
        },
        "locations": [
          {
            "start": { "line": 24, "column": 49 },
            "end": { "line": 24, "column": 62 }
          }
        ]
      },
      "6": {
        "type": "branch",
        "line": 29,
        "loc": {
          "start": { "line": 29, "column": 12 },
          "end": { "line": 31, "column": 5 }
        },
        "locations": [
          {
            "start": { "line": 29, "column": 12 },
            "end": { "line": 31, "column": 5 }
          }
        ]
      }
    },
    "b": {
      "0": [4],
      "1": [0],
      "2": [1],
      "3": [3],
      "4": [3],
      "5": [0],
      "6": [3]
    },
    "fnMap": {
      "0": {
        "name": "CardPage",
        "decl": {
          "start": { "line": 11, "column": 17 },
          "end": { "line": 45, "column": 2 }
        },
        "loc": {
          "start": { "line": 11, "column": 17 },
          "end": { "line": 45, "column": 2 }
        },
        "line": 11
      }
    },
    "f": { "0": 4 }
  },
  "E:\\STUDIES\\JS\\rs_school\\rsschool_react\\REACT2023\\src\\components\\Cards\\Cards.tsx": {
    "path": "E:\\STUDIES\\JS\\rs_school\\rsschool_react\\REACT2023\\src\\components\\Cards\\Cards.tsx",
    "all": false,
    "statementMap": {
      "0": {
        "start": { "line": 1, "column": 0 },
        "end": { "line": 1, "column": 26 }
      },
      "1": {
        "start": { "line": 2, "column": 0 },
        "end": { "line": 2, "column": 26 }
      },
      "2": {
        "start": { "line": 3, "column": 0 },
        "end": { "line": 3, "column": 42 }
      },
      "3": {
        "start": { "line": 4, "column": 0 },
        "end": { "line": 4, "column": 45 }
      },
      "4": {
        "start": { "line": 5, "column": 0 },
        "end": { "line": 5, "column": 40 }
      },
      "5": {
        "start": { "line": 6, "column": 0 },
        "end": { "line": 6, "column": 51 }
      },
      "6": {
        "start": { "line": 7, "column": 0 },
        "end": { "line": 7, "column": 50 }
      },
      "7": {
        "start": { "line": 8, "column": 0 },
        "end": { "line": 8, "column": 35 }
      },
      "8": {
        "start": { "line": 9, "column": 0 },
        "end": { "line": 9, "column": 21 }
      },
      "9": {
        "start": { "line": 10, "column": 0 },
        "end": { "line": 10, "column": 0 }
      },
      "10": {
        "start": { "line": 11, "column": 0 },
        "end": { "line": 11, "column": 21 }
      },
      "11": {
        "start": { "line": 12, "column": 0 },
        "end": { "line": 12, "column": 41 }
      },
      "12": {
        "start": { "line": 13, "column": 0 },
        "end": { "line": 13, "column": 29 }
      },
      "13": {
        "start": { "line": 14, "column": 0 },
        "end": { "line": 14, "column": 43 }
      },
      "14": {
        "start": { "line": 15, "column": 0 },
        "end": { "line": 15, "column": 47 }
      },
      "15": {
        "start": { "line": 16, "column": 0 },
        "end": { "line": 16, "column": 50 }
      },
      "16": {
        "start": { "line": 17, "column": 0 },
        "end": { "line": 17, "column": 28 }
      },
      "17": {
        "start": { "line": 18, "column": 0 },
        "end": { "line": 18, "column": 27 }
      },
      "18": {
        "start": { "line": 19, "column": 0 },
        "end": { "line": 19, "column": 61 }
      },
      "19": {
        "start": { "line": 20, "column": 0 },
        "end": { "line": 20, "column": 3 }
      },
      "20": {
        "start": { "line": 21, "column": 0 },
        "end": { "line": 21, "column": 0 }
      },
      "21": {
        "start": { "line": 22, "column": 0 },
        "end": { "line": 22, "column": 30 }
      },
      "22": {
        "start": { "line": 23, "column": 0 },
        "end": { "line": 23, "column": 54 }
      },
      "23": {
        "start": { "line": 24, "column": 0 },
        "end": { "line": 24, "column": 41 }
      },
      "24": {
        "start": { "line": 25, "column": 0 },
        "end": { "line": 25, "column": 54 }
      },
      "25": {
        "start": { "line": 26, "column": 0 },
        "end": { "line": 26, "column": 5 }
      },
      "26": {
        "start": { "line": 27, "column": 0 },
        "end": { "line": 27, "column": 0 }
      },
      "27": {
        "start": { "line": 28, "column": 0 },
        "end": { "line": 28, "column": 10 }
      },
      "28": {
        "start": { "line": 29, "column": 0 },
        "end": { "line": 29, "column": 33 }
      },
      "29": {
        "start": { "line": 30, "column": 0 },
        "end": { "line": 30, "column": 33 }
      },
      "30": {
        "start": { "line": 31, "column": 0 },
        "end": { "line": 31, "column": 67 }
      },
      "31": {
        "start": { "line": 32, "column": 0 },
        "end": { "line": 32, "column": 11 }
      },
      "32": {
        "start": { "line": 33, "column": 0 },
        "end": { "line": 33, "column": 61 }
      },
      "33": {
        "start": { "line": 34, "column": 0 },
        "end": { "line": 34, "column": 21 }
      },
      "34": {
        "start": { "line": 35, "column": 0 },
        "end": { "line": 35, "column": 15 }
      },
      "35": {
        "start": { "line": 36, "column": 0 },
        "end": { "line": 36, "column": 8 }
      },
      "36": {
        "start": { "line": 37, "column": 0 },
        "end": { "line": 37, "column": 16 }
      },
      "37": {
        "start": { "line": 38, "column": 0 },
        "end": { "line": 38, "column": 10 }
      },
      "38": {
        "start": { "line": 39, "column": 0 },
        "end": { "line": 39, "column": 4 }
      },
      "39": {
        "start": { "line": 40, "column": 0 },
        "end": { "line": 40, "column": 2 }
      },
      "40": {
        "start": { "line": 41, "column": 0 },
        "end": { "line": 41, "column": 0 }
      },
      "41": {
        "start": { "line": 42, "column": 0 },
        "end": { "line": 42, "column": 21 }
      }
    },
    "s": {
      "0": 1,
      "1": 1,
      "2": 1,
      "3": 1,
      "4": 1,
      "5": 1,
      "6": 1,
      "7": 1,
      "8": 1,
      "9": 1,
      "10": 1,
      "11": 4,
      "12": 4,
      "13": 4,
      "14": 4,
      "15": 4,
      "16": 4,
      "17": 4,
      "18": 1,
      "19": 1,
      "20": 2,
      "21": 2,
      "22": 3,
      "23": 2,
      "24": 3,
      "25": 2,
      "26": 2,
      "27": 2,
      "28": 2,
      "29": 2,
      "30": 2,
      "31": 0,
      "32": 0,
      "33": 0,
      "34": 0,
      "35": 4,
      "36": 4,
      "37": 4,
      "38": 4,
      "39": 4,
      "40": 1,
      "41": 1
    },
    "branchMap": {
      "0": {
        "type": "branch",
        "line": 11,
        "loc": {
          "start": { "line": 11, "column": 14 },
          "end": { "line": 40, "column": 2 }
        },
        "locations": [
          {
            "start": { "line": 11, "column": 14 },
            "end": { "line": 40, "column": 2 }
          }
        ]
      },
      "1": {
        "type": "branch",
        "line": 17,
        "loc": {
          "start": { "line": 17, "column": 21 },
          "end": { "line": 17, "column": 28 }
        },
        "locations": [
          {
            "start": { "line": 17, "column": 21 },
            "end": { "line": 17, "column": 28 }
          }
        ]
      },
      "2": {
        "type": "branch",
        "line": 17,
        "loc": {
          "start": { "line": 17, "column": 21 },
          "end": { "line": 18, "column": 23 }
        },
        "locations": [
          {
            "start": { "line": 17, "column": 21 },
            "end": { "line": 18, "column": 23 }
          }
        ]
      },
      "3": {
        "type": "branch",
        "line": 18,
        "loc": {
          "start": { "line": 18, "column": 26 },
          "end": { "line": 31, "column": 67 }
        },
        "locations": [
          {
            "start": { "line": 18, "column": 26 },
            "end": { "line": 31, "column": 67 }
          }
        ]
      },
      "4": {
        "type": "branch",
        "line": 18,
        "loc": {
          "start": { "line": 18, "column": 26 },
          "end": { "line": 23, "column": 29 }
        },
        "locations": [
          {
            "start": { "line": 18, "column": 26 },
            "end": { "line": 23, "column": 29 }
          }
        ]
      },
      "5": {
        "type": "branch",
        "line": 18,
        "loc": {
          "start": { "line": 18, "column": 26 },
          "end": { "line": 20, "column": 3 }
        },
        "locations": [
          {
            "start": { "line": 18, "column": 26 },
            "end": { "line": 20, "column": 3 }
          }
        ]
      },
      "6": {
        "type": "branch",
        "line": 23,
        "loc": {
          "start": { "line": 23, "column": 22 },
          "end": { "line": 23, "column": 54 }
        },
        "locations": [
          {
            "start": { "line": 23, "column": 22 },
            "end": { "line": 23, "column": 54 }
          }
        ]
      },
      "7": {
        "type": "branch",
        "line": 23,
        "loc": {
          "start": { "line": 23, "column": 48 },
          "end": { "line": 31, "column": 67 }
        },
        "locations": [
          {
            "start": { "line": 23, "column": 48 },
            "end": { "line": 31, "column": 67 }
          }
        ]
      },
      "8": {
        "type": "branch",
        "line": 31,
        "loc": {
          "start": { "line": 31, "column": 61 },
          "end": { "line": 35, "column": 15 }
        },
        "locations": [
          {
            "start": { "line": 31, "column": 61 },
            "end": { "line": 35, "column": 15 }
          }
        ]
      },
      "9": {
        "type": "branch",
        "line": 24,
        "loc": {
          "start": { "line": 24, "column": 30 },
          "end": { "line": 25, "column": 54 }
        },
        "locations": [
          {
            "start": { "line": 24, "column": 30 },
            "end": { "line": 25, "column": 54 }
          }
        ]
      }
    },
    "b": {
      "0": [4],
      "1": [1],
      "2": [3],
      "3": [3],
      "4": [2],
      "5": [1],
      "6": [0],
      "7": [2],
      "8": [0],
      "9": [3]
    },
    "fnMap": {
      "0": {
        "name": "Cards",
        "decl": {
          "start": { "line": 11, "column": 14 },
          "end": { "line": 40, "column": 2 }
        },
        "loc": {
          "start": { "line": 11, "column": 14 },
          "end": { "line": 40, "column": 2 }
        },
        "line": 11
      }
    },
    "f": { "0": 4 }
  },
  "E:\\STUDIES\\JS\\rs_school\\rsschool_react\\REACT2023\\src\\components\\Context\\context.ts": {
    "path": "E:\\STUDIES\\JS\\rs_school\\rsschool_react\\REACT2023\\src\\components\\Context\\context.ts",
    "all": false,
    "statementMap": {
      "0": {
        "start": { "line": 1, "column": 0 },
        "end": { "line": 1, "column": 38 }
      },
      "1": {
        "start": { "line": 2, "column": 0 },
        "end": { "line": 2, "column": 47 }
      },
      "2": {
        "start": { "line": 3, "column": 0 },
        "end": { "line": 3, "column": 0 }
      },
      "3": {
        "start": { "line": 4, "column": 0 },
        "end": { "line": 4, "column": 52 }
      },
      "4": {
        "start": { "line": 5, "column": 0 },
        "end": { "line": 5, "column": 0 }
      },
      "5": {
        "start": { "line": 6, "column": 0 },
        "end": { "line": 6, "column": 77 }
      },
      "6": {
        "start": { "line": 7, "column": 0 },
        "end": { "line": 7, "column": 60 }
      },
      "7": {
        "start": { "line": 8, "column": 0 },
        "end": { "line": 8, "column": 9 }
      },
      "8": {
        "start": { "line": 9, "column": 0 },
        "end": { "line": 9, "column": 13 }
      },
      "9": {
        "start": { "line": 10, "column": 0 },
        "end": { "line": 10, "column": 3 }
      },
      "10": {
        "start": { "line": 11, "column": 0 },
        "end": { "line": 11, "column": 64 }
      }
    },
    "s": {
      "0": 1,
      "1": 1,
      "2": 1,
      "3": 1,
      "4": 1,
      "5": 1,
      "6": 1,
      "7": 1,
      "8": 1,
      "9": 1,
      "10": 1
    },
    "branchMap": {},
    "b": {},
    "fnMap": {},
    "f": {}
  },
  "E:\\STUDIES\\JS\\rs_school\\rsschool_react\\REACT2023\\src\\components\\Error\\Error.tsx": {
    "path": "E:\\STUDIES\\JS\\rs_school\\rsschool_react\\REACT2023\\src\\components\\Error\\Error.tsx",
    "all": false,
    "statementMap": {
      "0": {
        "start": { "line": 1, "column": 0 },
        "end": { "line": 1, "column": 52 }
      },
      "1": {
        "start": { "line": 2, "column": 0 },
        "end": { "line": 2, "column": 21 }
      },
      "2": {
        "start": { "line": 3, "column": 0 },
        "end": { "line": 3, "column": 0 }
      },
      "3": {
        "start": { "line": 4, "column": 0 },
        "end": { "line": 4, "column": 17 }
      },
      "4": {
        "start": { "line": 5, "column": 0 },
        "end": { "line": 5, "column": 28 }
      },
      "5": {
        "start": { "line": 6, "column": 0 },
        "end": { "line": 6, "column": 1 }
      },
      "6": {
        "start": { "line": 7, "column": 0 },
        "end": { "line": 7, "column": 0 }
      },
      "7": {
        "start": { "line": 8, "column": 0 },
        "end": { "line": 8, "column": 17 }
      },
      "8": {
        "start": { "line": 9, "column": 0 },
        "end": { "line": 9, "column": 20 }
      },
      "9": {
        "start": { "line": 10, "column": 0 },
        "end": { "line": 10, "column": 1 }
      },
      "10": {
        "start": { "line": 11, "column": 0 },
        "end": { "line": 11, "column": 0 }
      },
      "11": {
        "start": { "line": 12, "column": 0 },
        "end": { "line": 12, "column": 53 }
      },
      "12": {
        "start": { "line": 13, "column": 0 },
        "end": { "line": 13, "column": 29 }
      },
      "13": {
        "start": { "line": 14, "column": 0 },
        "end": { "line": 14, "column": 17 }
      },
      "14": {
        "start": { "line": 15, "column": 0 },
        "end": { "line": 15, "column": 37 }
      },
      "15": {
        "start": { "line": 16, "column": 0 },
        "end": { "line": 16, "column": 3 }
      },
      "16": {
        "start": { "line": 17, "column": 0 },
        "end": { "line": 17, "column": 0 }
      },
      "17": {
        "start": { "line": 18, "column": 0 },
        "end": { "line": 18, "column": 57 }
      },
      "18": {
        "start": { "line": 19, "column": 0 },
        "end": { "line": 19, "column": 71 }
      },
      "19": {
        "start": { "line": 20, "column": 0 },
        "end": { "line": 20, "column": 38 }
      },
      "20": {
        "start": { "line": 21, "column": 0 },
        "end": { "line": 21, "column": 3 }
      },
      "21": {
        "start": { "line": 22, "column": 0 },
        "end": { "line": 22, "column": 0 }
      },
      "22": {
        "start": { "line": 23, "column": 0 },
        "end": { "line": 23, "column": 12 }
      },
      "23": {
        "start": { "line": 24, "column": 0 },
        "end": { "line": 24, "column": 30 }
      },
      "24": {
        "start": { "line": 25, "column": 0 },
        "end": { "line": 25, "column": 14 }
      },
      "25": {
        "start": { "line": 26, "column": 0 },
        "end": { "line": 26, "column": 13 }
      },
      "26": {
        "start": { "line": 27, "column": 0 },
        "end": { "line": 27, "column": 67 }
      },
      "27": {
        "start": { "line": 28, "column": 0 },
        "end": { "line": 28, "column": 14 }
      },
      "28": {
        "start": { "line": 29, "column": 0 },
        "end": { "line": 29, "column": 8 }
      },
      "29": {
        "start": { "line": 30, "column": 0 },
        "end": { "line": 30, "column": 5 }
      },
      "30": {
        "start": { "line": 31, "column": 0 },
        "end": { "line": 31, "column": 31 }
      },
      "31": {
        "start": { "line": 32, "column": 0 },
        "end": { "line": 32, "column": 3 }
      },
      "32": {
        "start": { "line": 33, "column": 0 },
        "end": { "line": 33, "column": 1 }
      },
      "33": {
        "start": { "line": 34, "column": 0 },
        "end": { "line": 34, "column": 0 }
      },
      "34": {
        "start": { "line": 35, "column": 0 },
        "end": { "line": 35, "column": 29 }
      }
    },
    "s": {
      "0": 1,
      "1": 1,
      "2": 1,
      "3": 1,
      "4": 1,
      "5": 1,
      "6": 1,
      "7": 1,
      "8": 1,
      "9": 1,
      "10": 1,
      "11": 1,
      "12": 1,
      "13": 1,
      "14": 1,
      "15": 1,
      "16": 1,
      "17": 1,
      "18": 0,
      "19": 0,
      "20": 0,
      "21": 1,
      "22": 1,
      "23": 1,
      "24": 0,
      "25": 0,
      "26": 0,
      "27": 0,
      "28": 0,
      "29": 0,
      "30": 1,
      "31": 1,
      "32": 1,
      "33": 1,
      "34": 1
    },
    "branchMap": {
      "0": {
        "type": "branch",
        "line": 13,
        "loc": {
          "start": { "line": 13, "column": 2 },
          "end": { "line": 16, "column": 3 }
        },
        "locations": [
          {
            "start": { "line": 13, "column": 2 },
            "end": { "line": 16, "column": 3 }
          }
        ]
      },
      "1": {
        "type": "branch",
        "line": 23,
        "loc": {
          "start": { "line": 23, "column": 2 },
          "end": { "line": 32, "column": 3 }
        },
        "locations": [
          {
            "start": { "line": 23, "column": 2 },
            "end": { "line": 32, "column": 3 }
          }
        ]
      },
      "2": {
        "type": "branch",
        "line": 24,
        "loc": {
          "start": { "line": 24, "column": 29 },
          "end": { "line": 30, "column": 5 }
        },
        "locations": [
          {
            "start": { "line": 24, "column": 29 },
            "end": { "line": 30, "column": 5 }
          }
        ]
      }
    },
    "b": { "0": [1], "1": [1], "2": [0] },
    "fnMap": {
      "0": {
        "name": "ErrorBoundary",
        "decl": {
          "start": { "line": 13, "column": 2 },
          "end": { "line": 16, "column": 3 }
        },
        "loc": {
          "start": { "line": 13, "column": 2 },
          "end": { "line": 16, "column": 3 }
        },
        "line": 13
      },
      "1": {
        "name": "componentDidCatch",
        "decl": {
          "start": { "line": 18, "column": 2 },
          "end": { "line": 21, "column": 3 }
        },
        "loc": {
          "start": { "line": 18, "column": 2 },
          "end": { "line": 21, "column": 3 }
        },
        "line": 18
      },
      "2": {
        "name": "render",
        "decl": {
          "start": { "line": 23, "column": 2 },
          "end": { "line": 32, "column": 3 }
        },
        "loc": {
          "start": { "line": 23, "column": 2 },
          "end": { "line": 32, "column": 3 }
        },
        "line": 23
      }
    },
    "f": { "0": 1, "1": 0, "2": 1 }
  },
  "E:\\STUDIES\\JS\\rs_school\\rsschool_react\\REACT2023\\src\\components\\Error\\ErrorPage.tsx": {
    "path": "E:\\STUDIES\\JS\\rs_school\\rsschool_react\\REACT2023\\src\\components\\Error\\ErrorPage.tsx",
    "all": false,
    "statementMap": {
      "0": {
        "start": { "line": 1, "column": 0 },
        "end": { "line": 1, "column": 31 }
      },
      "1": {
        "start": { "line": 2, "column": 0 },
        "end": { "line": 2, "column": 62 }
      },
      "2": {
        "start": { "line": 3, "column": 0 },
        "end": { "line": 3, "column": 2 }
      },
      "3": {
        "start": { "line": 4, "column": 0 },
        "end": { "line": 4, "column": 0 }
      },
      "4": {
        "start": { "line": 5, "column": 0 },
        "end": { "line": 5, "column": 25 }
      }
    },
    "s": { "0": 1, "1": 1, "2": 1, "3": 1, "4": 1 },
    "branchMap": {
      "0": {
        "type": "branch",
        "line": 1,
        "loc": {
          "start": { "line": 1, "column": 18 },
          "end": { "line": 3, "column": 2 }
        },
        "locations": [
          {
            "start": { "line": 1, "column": 18 },
            "end": { "line": 3, "column": 2 }
          }
        ]
      }
    },
    "b": { "0": [1] },
    "fnMap": {
      "0": {
        "name": "ErrorPage",
        "decl": {
          "start": { "line": 1, "column": 18 },
          "end": { "line": 3, "column": 2 }
        },
        "loc": {
          "start": { "line": 1, "column": 18 },
          "end": { "line": 3, "column": 2 }
        },
        "line": 1
      }
    },
    "f": { "0": 1 }
  },
  "E:\\STUDIES\\JS\\rs_school\\rsschool_react\\REACT2023\\src\\components\\Error\\ErrorTest.tsx": {
    "path": "E:\\STUDIES\\JS\\rs_school\\rsschool_react\\REACT2023\\src\\components\\Error\\ErrorTest.tsx",
    "all": false,
    "statementMap": {
      "0": {
        "start": { "line": 1, "column": 0 },
        "end": { "line": 1, "column": 40 }
      },
      "1": {
        "start": { "line": 2, "column": 0 },
        "end": { "line": 2, "column": 0 }
      },
      "2": {
        "start": { "line": 3, "column": 0 },
        "end": { "line": 3, "column": 31 }
      },
      "3": {
        "start": { "line": 4, "column": 0 },
        "end": { "line": 4, "column": 44 }
      },
      "4": {
        "start": { "line": 5, "column": 0 },
        "end": { "line": 5, "column": 0 }
      },
      "5": {
        "start": { "line": 6, "column": 0 },
        "end": { "line": 6, "column": 26 }
      },
      "6": {
        "start": { "line": 7, "column": 0 },
        "end": { "line": 7, "column": 19 }
      },
      "7": {
        "start": { "line": 8, "column": 0 },
        "end": { "line": 8, "column": 3 }
      },
      "8": {
        "start": { "line": 9, "column": 0 },
        "end": { "line": 9, "column": 0 }
      },
      "9": {
        "start": { "line": 10, "column": 0 },
        "end": { "line": 10, "column": 14 }
      },
      "10": {
        "start": { "line": 11, "column": 0 },
        "end": { "line": 11, "column": 51 }
      },
      "11": {
        "start": { "line": 12, "column": 0 },
        "end": { "line": 12, "column": 3 }
      },
      "12": {
        "start": { "line": 13, "column": 0 },
        "end": { "line": 13, "column": 0 }
      },
      "13": {
        "start": { "line": 14, "column": 0 },
        "end": { "line": 14, "column": 10 }
      },
      "14": {
        "start": { "line": 15, "column": 0 },
        "end": { "line": 15, "column": 68 }
      },
      "15": {
        "start": { "line": 16, "column": 0 },
        "end": { "line": 16, "column": 16 }
      },
      "16": {
        "start": { "line": 17, "column": 0 },
        "end": { "line": 17, "column": 13 }
      },
      "17": {
        "start": { "line": 18, "column": 0 },
        "end": { "line": 18, "column": 4 }
      },
      "18": {
        "start": { "line": 19, "column": 0 },
        "end": { "line": 19, "column": 2 }
      },
      "19": {
        "start": { "line": 20, "column": 0 },
        "end": { "line": 20, "column": 0 }
      },
      "20": {
        "start": { "line": 21, "column": 0 },
        "end": { "line": 21, "column": 25 }
      }
    },
    "s": {
      "0": 1,
      "1": 1,
      "2": 1,
      "3": 3,
      "4": 3,
      "5": 3,
      "6": 0,
      "7": 0,
      "8": 3,
      "9": 3,
      "10": 0,
      "11": 0,
      "12": 3,
      "13": 3,
      "14": 3,
      "15": 3,
      "16": 3,
      "17": 3,
      "18": 3,
      "19": 1,
      "20": 1
    },
    "branchMap": {
      "0": {
        "type": "branch",
        "line": 3,
        "loc": {
          "start": { "line": 3, "column": 18 },
          "end": { "line": 19, "column": 2 }
        },
        "locations": [
          {
            "start": { "line": 3, "column": 18 },
            "end": { "line": 19, "column": 2 }
          }
        ]
      },
      "1": {
        "type": "branch",
        "line": 10,
        "loc": {
          "start": { "line": 10, "column": 13 },
          "end": { "line": 12, "column": 3 }
        },
        "locations": [
          {
            "start": { "line": 10, "column": 13 },
            "end": { "line": 12, "column": 3 }
          }
        ]
      }
    },
    "b": { "0": [3], "1": [0] },
    "fnMap": {
      "0": {
        "name": "ErrorTest",
        "decl": {
          "start": { "line": 3, "column": 18 },
          "end": { "line": 19, "column": 2 }
        },
        "loc": {
          "start": { "line": 3, "column": 18 },
          "end": { "line": 19, "column": 2 }
        },
        "line": 3
      },
      "1": {
        "name": "handleClick",
        "decl": {
          "start": { "line": 6, "column": 2 },
          "end": { "line": 8, "column": 3 }
        },
        "loc": {
          "start": { "line": 6, "column": 2 },
          "end": { "line": 8, "column": 3 }
        },
        "line": 6
      }
    },
    "f": { "0": 3, "1": 0 }
  },
  "E:\\STUDIES\\JS\\rs_school\\rsschool_react\\REACT2023\\src\\components\\Loader\\Loader.tsx": {
    "path": "E:\\STUDIES\\JS\\rs_school\\rsschool_react\\REACT2023\\src\\components\\Loader\\Loader.tsx",
    "all": false,
    "statementMap": {
      "0": {
        "start": { "line": 1, "column": 0 },
        "end": { "line": 1, "column": 26 }
      },
      "1": {
        "start": { "line": 2, "column": 0 },
        "end": { "line": 2, "column": 21 }
      },
      "2": {
        "start": { "line": 3, "column": 0 },
        "end": { "line": 3, "column": 0 }
      },
      "3": {
        "start": { "line": 4, "column": 0 },
        "end": { "line": 4, "column": 52 }
      },
      "4": {
[...]
      "2": {
        "start": { "line": 3, "column": 0 },
        "end": { "line": 3, "column": 21 }
      },
      "3": {
        "start": { "line": 4, "column": 0 },
        "end": { "line": 4, "column": 0 }
      },
      "4": {
        "start": { "line": 5, "column": 0 },
        "end": { "line": 5, "column": 27 }
      },
      "5": {
        "start": { "line": 6, "column": 0 },
        "end": { "line": 6, "column": 21 }
      },
      "6": {
        "start": { "line": 7, "column": 0 },
        "end": { "line": 7, "column": 1 }
      },
      "7": {
        "start": { "line": 8, "column": 0 },
        "end": { "line": 8, "column": 0 }
      },
      "8": {
        "start": { "line": 9, "column": 0 },
        "end": { "line": 9, "column": 57 }
      },
      "9": {
        "start": { "line": 10, "column": 0 },
        "end": { "line": 10, "column": 60 }
      },
      "10": {
        "start": { "line": 11, "column": 0 },
        "end": { "line": 11, "column": 47 }
      },
      "11": {
        "start": { "line": 12, "column": 0 },
        "end": { "line": 12, "column": 0 }
      },
      "12": {
        "start": { "line": 13, "column": 0 },
        "end": { "line": 13, "column": 45 }
      },
      "13": {
        "start": { "line": 14, "column": 0 },
        "end": { "line": 14, "column": 35 }
      },
      "14": {
        "start": { "line": 15, "column": 0 },
        "end": { "line": 15, "column": 37 }
      },
      "15": {
        "start": { "line": 16, "column": 0 },
        "end": { "line": 16, "column": 45 }
      },
      "16": {
        "start": { "line": 17, "column": 0 },
        "end": { "line": 17, "column": 34 }
      },
      "17": {
        "start": { "line": 18, "column": 0 },
        "end": { "line": 18, "column": 4 }
      },
      "18": {
        "start": { "line": 19, "column": 0 },
        "end": { "line": 19, "column": 0 }
      },
      "19": {
        "start": { "line": 20, "column": 0 },
        "end": { "line": 20, "column": 23 }
      },
      "20": {
        "start": { "line": 21, "column": 0 },
        "end": { "line": 21, "column": 41 }
      },
      "21": {
        "start": { "line": 22, "column": 0 },
        "end": { "line": 22, "column": 29 }
      },
      "22": {
        "start": { "line": 23, "column": 0 },
        "end": { "line": 23, "column": 31 }
      },
      "23": {
        "start": { "line": 24, "column": 0 },
        "end": { "line": 24, "column": 55 }
      },
      "24": {
        "start": { "line": 25, "column": 0 },
        "end": { "line": 25, "column": 0 }
      },
      "25": {
        "start": { "line": 26, "column": 0 },
        "end": { "line": 26, "column": 19 }
      },
      "26": {
        "start": { "line": 27, "column": 0 },
        "end": { "line": 27, "column": 10 }
      },
      "27": {
        "start": { "line": 28, "column": 0 },
        "end": { "line": 28, "column": 39 }
      },
      "28": {
        "start": { "line": 29, "column": 0 },
        "end": { "line": 29, "column": 17 }
      },
      "29": {
        "start": { "line": 30, "column": 0 },
        "end": { "line": 30, "column": 44 }
      },
      "30": {
        "start": { "line": 31, "column": 0 },
        "end": { "line": 31, "column": 7 }
      },
      "31": {
        "start": { "line": 32, "column": 0 },
        "end": { "line": 32, "column": 11 }
      },
      "32": {
        "start": { "line": 33, "column": 0 },
        "end": { "line": 33, "column": 13 }
      },
      "33": {
        "start": { "line": 34, "column": 0 },
        "end": { "line": 34, "column": 6 }
      },
      "34": {
        "start": { "line": 35, "column": 0 },
        "end": { "line": 35, "column": 3 }
      },
      "35": {
        "start": { "line": 36, "column": 0 },
        "end": { "line": 36, "column": 0 }
      },
      "36": {
        "start": { "line": 37, "column": 0 },
        "end": { "line": 37, "column": 50 }
      },
      "37": {
        "start": { "line": 38, "column": 0 },
        "end": { "line": 38, "column": 2 }
      },
      "38": {
        "start": { "line": 39, "column": 0 },
        "end": { "line": 39, "column": 0 }
      },
      "39": {
        "start": { "line": 40, "column": 0 },
        "end": { "line": 40, "column": 26 }
      }
    },
    "s": {
      "0": 1,
      "1": 1,
      "2": 1,
      "3": 1,
      "4": 1,
      "5": 1,
      "6": 1,
      "7": 1,
      "8": 1,
      "9": 3,
      "10": 3,
      "11": 3,
      "12": 3,
      "13": 0,
      "14": 0,
      "15": 0,
      "16": 0,
      "17": 0,
      "18": 3,
      "19": 3,
      "20": 3,
      "21": 0,
      "22": 0,
      "23": 0,
      "24": 0,
      "25": 0,
      "26": 0,
      "27": 0,
      "28": 0,
      "29": 0,
      "30": 0,
      "31": 0,
      "32": 0,
      "33": 0,
      "34": 0,
      "35": 0,
      "36": 0,
      "37": 0,
      "38": 1,
      "39": 1
    },
    "branchMap": {
      "0": {
        "type": "branch",
        "line": 9,
        "loc": {
          "start": { "line": 9, "column": 19 },
          "end": { "line": 38, "column": 2 }
        },
        "locations": [
          {
            "start": { "line": 9, "column": 19 },
            "end": { "line": 38, "column": 2 }
          }
        ]
      },
      "1": {
        "type": "branch",
        "line": 11,
        "loc": {
          "start": { "line": 11, "column": 38 },
          "end": { "line": 11, "column": 47 }
        },
        "locations": [
          {
            "start": { "line": 11, "column": 38 },
            "end": { "line": 11, "column": 47 }
          }
        ]
      },
      "2": {
        "type": "branch",
        "line": 21,
        "loc": {
          "start": { "line": 21, "column": 40 },
          "end": { "line": 38, "column": 2 }
        },
        "locations": [
          {
            "start": { "line": 21, "column": 40 },
            "end": { "line": 38, "column": 2 }
          }
        ]
      }
    },
    "b": { "0": [3], "1": [1], "2": [0] },
    "fnMap": {
      "0": {
        "name": "Pagination",
        "decl": {
          "start": { "line": 9, "column": 19 },
          "end": { "line": 38, "column": 2 }
        },
        "loc": {
          "start": { "line": 9, "column": 19 },
          "end": { "line": 38, "column": 2 }
        },
        "line": 9
      },
      "1": {
        "name": "applyPageParams",
        "decl": {
          "start": { "line": 13, "column": 26 },
          "end": { "line": 18, "column": 4 }
        },
        "loc": {
          "start": { "line": 13, "column": 26 },
          "end": { "line": 18, "column": 4 }
        },
        "line": 13
      },
      "2": {
        "name": "onClick",
        "decl": {
          "start": { "line": 30, "column": 17 },
          "end": { "line": 30, "column": 44 }
        },
        "loc": {
          "start": { "line": 30, "column": 17 },
          "end": { "line": 30, "column": 44 }
        },
        "line": 30
      }
    },
    "f": { "0": 3, "1": 0, "2": 0 }
  },
  "E:\\STUDIES\\JS\\rs_school\\rsschool_react\\REACT2023\\src\\components\\Search\\Search.tsx": {
    "path": "E:\\STUDIES\\JS\\rs_school\\rsschool_react\\REACT2023\\src\\components\\Search\\Search.tsx",
    "all": false,
    "statementMap": {
      "0": {
        "start": { "line": 1, "column": 0 },
        "end": { "line": 1, "column": 52 }
      },
      "1": {
        "start": { "line": 2, "column": 0 },
        "end": { "line": 2, "column": 38 }
      },
      "2": {
        "start": { "line": 3, "column": 0 },
        "end": { "line": 3, "column": 42 }
      },
      "3": {
        "start": { "line": 4, "column": 0 },
        "end": { "line": 4, "column": 55 }
      },
      "4": {
        "start": { "line": 5, "column": 0 },
        "end": { "line": 5, "column": 51 }
      },
      "5": {
        "start": { "line": 6, "column": 0 },
        "end": { "line": 6, "column": 21 }
      },
      "6": {
        "start": { "line": 7, "column": 0 },
        "end": { "line": 7, "column": 51 }
      },
      "7": {
        "start": { "line": 8, "column": 0 },
        "end": { "line": 8, "column": 0 }
      },
      "8": {
        "start": { "line": 9, "column": 0 },
        "end": { "line": 9, "column": 40 }
      },
      "9": {
        "start": { "line": 10, "column": 0 },
        "end": { "line": 10, "column": 66 }
      },
      "10": {
        "start": { "line": 11, "column": 0 },
        "end": { "line": 11, "column": 52 }
      },
      "11": {
        "start": { "line": 12, "column": 0 },
        "end": { "line": 12, "column": 60 }
      },
      "12": {
        "start": { "line": 13, "column": 0 },
        "end": { "line": 13, "column": 0 }
      },
      "13": {
        "start": { "line": 14, "column": 0 },
        "end": { "line": 14, "column": 25 }
      },
      "14": {
        "start": { "line": 15, "column": 0 },
        "end": { "line": 15, "column": 52 }
      },
      "15": {
        "start": { "line": 16, "column": 0 },
        "end": { "line": 16, "column": 26 }
      },
      "16": {
        "start": { "line": 17, "column": 0 },
        "end": { "line": 17, "column": 29 }
      },
      "17": {
        "start": { "line": 18, "column": 0 },
        "end": { "line": 18, "column": 23 }
      },
      "18": {
        "start": { "line": 19, "column": 0 },
        "end": { "line": 19, "column": 0 }
      },
      "19": {
        "start": { "line": 20, "column": 0 },
        "end": { "line": 20, "column": 57 }
      },
      "20": {
        "start": { "line": 21, "column": 0 },
        "end": { "line": 21, "column": 27 }
      },
      "21": {
        "start": { "line": 22, "column": 0 },
        "end": { "line": 22, "column": 32 }
      },
      "22": {
        "start": { "line": 23, "column": 0 },
        "end": { "line": 23, "column": 27 }
      },
      "23": {
        "start": { "line": 24, "column": 0 },
        "end": { "line": 24, "column": 34 }
      },
      "24": {
        "start": { "line": 25, "column": 0 },
        "end": { "line": 25, "column": 36 }
      },
      "25": {
        "start": { "line": 26, "column": 0 },
        "end": { "line": 26, "column": 4 }
      },
      "26": {
        "start": { "line": 27, "column": 0 },
        "end": { "line": 27, "column": 0 }
      },
      "27": {
        "start": { "line": 28, "column": 0 },
        "end": { "line": 28, "column": 73 }
      },
      "28": {
        "start": { "line": 29, "column": 0 },
        "end": { "line": 29, "column": 44 }
      },
      "29": {
        "start": { "line": 30, "column": 0 },
        "end": { "line": 30, "column": 21 }
      },
      "30": {
        "start": { "line": 31, "column": 0 },
        "end": { "line": 31, "column": 42 }
      },
      "31": {
        "start": { "line": 32, "column": 0 },
        "end": { "line": 32, "column": 4 }
      },
      "32": {
        "start": { "line": 33, "column": 0 },
        "end": { "line": 33, "column": 0 }
      },
      "33": {
        "start": { "line": 34, "column": 0 },
        "end": { "line": 34, "column": 10 }
      },
      "34": {
        "start": { "line": 35, "column": 0 },
        "end": { "line": 35, "column": 34 }
      },
      "35": {
        "start": { "line": 36, "column": 0 },
        "end": { "line": 36, "column": 30 }
      },
      "36": {
        "start": { "line": 37, "column": 0 },
        "end": { "line": 37, "column": 68 }
      },
      "37": {
        "start": { "line": 38, "column": 0 },
        "end": { "line": 38, "column": 24 }
      },
      "38": {
        "start": { "line": 39, "column": 0 },
        "end": { "line": 39, "column": 12 }
      },
      "39": {
        "start": { "line": 40, "column": 0 },
        "end": { "line": 40, "column": 11 }
      },
      "40": {
        "start": { "line": 41, "column": 0 },
        "end": { "line": 41, "column": 4 }
      },
      "41": {
        "start": { "line": 42, "column": 0 },
        "end": { "line": 42, "column": 2 }
      },
      "42": {
        "start": { "line": 43, "column": 0 },
        "end": { "line": 43, "column": 0 }
      },
      "43": {
        "start": { "line": 44, "column": 0 },
        "end": { "line": 44, "column": 22 }
      }
    },
    "s": {
      "0": 1,
      "1": 1,
      "2": 1,
      "3": 1,
      "4": 1,
      "5": 1,
      "6": 1,
      "7": 1,
      "8": 1,
      "9": 3,
      "10": 3,
      "11": 3,
      "12": 3,
      "13": 3,
      "14": 1,
      "15": 1,
      "16": 0,
      "17": 3,
      "18": 3,
      "19": 3,
      "20": 0,
      "21": 0,
      "22": 0,
      "23": 0,
      "24": 0,
      "25": 0,
      "26": 3,
      "27": 3,
      "28": 0,
      "29": 0,
      "30": 0,
      "31": 0,
      "32": 3,
      "33": 3,
      "34": 3,
      "35": 3,
      "36": 3,
      "37": 3,
      "38": 3,
      "39": 3,
      "40": 3,
      "41": 3,
      "42": 1,
      "43": 1
    },
    "branchMap": {
      "0": {
        "type": "branch",
        "line": 9,
        "loc": {
          "start": { "line": 9, "column": 15 },
          "end": { "line": 42, "column": 2 }
        },
        "locations": [
          {
            "start": { "line": 9, "column": 15 },
            "end": { "line": 42, "column": 2 }
          }
        ]
      },
      "1": {
        "type": "branch",
        "line": 14,
        "loc": {
          "start": { "line": 14, "column": 18 },
          "end": { "line": 18, "column": 5 }
        },
        "locations": [
          {
            "start": { "line": 14, "column": 18 },
            "end": { "line": 18, "column": 5 }
          }
        ]
      },
      "2": {
        "type": "branch",
        "line": 16,
        "loc": {
          "start": { "line": 16, "column": 19 },
          "end": { "line": 17, "column": 29 }
        },
        "locations": [
          {
            "start": { "line": 16, "column": 19 },
            "end": { "line": 17, "column": 29 }
          }
        ]
      }
    },
    "b": { "0": [3], "1": [1], "2": [0] },
    "fnMap": {
      "0": {
        "name": "Search",
        "decl": {
          "start": { "line": 9, "column": 15 },
          "end": { "line": 42, "column": 2 }
        },
        "loc": {
          "start": { "line": 9, "column": 15 },
          "end": { "line": 42, "column": 2 }
        },
        "line": 9
      },
      "1": {
        "name": "submitSearch",
        "decl": {
          "start": { "line": 20, "column": 23 },
          "end": { "line": 26, "column": 4 }
        },
        "loc": {
          "start": { "line": 20, "column": 23 },
          "end": { "line": 26, "column": 4 }
        },
        "line": 20
      },
      "2": {
        "name": "onInputChange",
        "decl": {
          "start": { "line": 28, "column": 24 },
          "end": { "line": 32, "column": 4 }
        },
        "loc": {
          "start": { "line": 28, "column": 24 },
          "end": { "line": 32, "column": 4 }
        },
        "line": 28
      }
    },
    "f": { "0": 3, "1": 0, "2": 0 }
  },
  "E:\\STUDIES\\JS\\rs_school\\rsschool_react\\REACT2023\\src\\components\\Search\\SearchButton.tsx": {
    "path": "E:\\STUDIES\\JS\\rs_school\\rsschool_react\\REACT2023\\src\\components\\Search\\SearchButton.tsx",
    "all": false,
    "statementMap": {
      "0": {
        "start": { "line": 1, "column": 0 },
        "end": { "line": 1, "column": 26 }
      },
      "1": {
        "start": { "line": 2, "column": 0 },
        "end": { "line": 2, "column": 0 }
      },
      "2": {
        "start": { "line": 3, "column": 0 },
        "end": { "line": 3, "column": 28 }
      },
      "3": {
        "start": { "line": 4, "column": 0 },
        "end": { "line": 4, "column": 58 }
      },
      "4": {
        "start": { "line": 5, "column": 0 },
        "end": { "line": 5, "column": 10 }
      },
      "5": {
        "start": { "line": 6, "column": 0 },
        "end": { "line": 6, "column": 11 }
      },
      "6": {
        "start": { "line": 7, "column": 0 },
        "end": { "line": 7, "column": 2 }
      },
      "7": {
        "start": { "line": 8, "column": 0 },
        "end": { "line": 8, "column": 0 }
      },
      "8": {
        "start": { "line": 9, "column": 0 },
        "end": { "line": 9, "column": 28 }
      }
    },
    "s": {
      "0": 1,
      "1": 1,
      "2": 1,
      "3": 3,
      "4": 3,
      "5": 3,
      "6": 1,
      "7": 1,
      "8": 1
    },
    "branchMap": {
      "0": {
        "type": "branch",
        "line": 3,
        "loc": {
          "start": { "line": 3, "column": 21 },
          "end": { "line": 6, "column": 11 }
        },
        "locations": [
          {
            "start": { "line": 3, "column": 21 },
            "end": { "line": 6, "column": 11 }
          }
        ]
      }
    },
    "b": { "0": [3] },
    "fnMap": {
      "0": {
        "name": "SearchButton",
        "decl": {
          "start": { "line": 3, "column": 21 },
          "end": { "line": 6, "column": 11 }
        },
        "loc": {
          "start": { "line": 3, "column": 21 },
          "end": { "line": 6, "column": 11 }
        },
        "line": 3
      }
    },
    "f": { "0": 3 }
  },
  "E:\\STUDIES\\JS\\rs_school\\rsschool_react\\REACT2023\\src\\components\\Search\\SearchLine.tsx": {
    "path": "E:\\STUDIES\\JS\\rs_school\\rsschool_react\\REACT2023\\src\\components\\Search\\SearchLine.tsx",
    "all": false,
    "statementMap": {
      "0": {
        "start": { "line": 1, "column": 0 },
        "end": { "line": 1, "column": 26 }
      },
      "1": {
        "start": { "line": 2, "column": 0 },
        "end": { "line": 2, "column": 59 }
      },
      "2": {
        "start": { "line": 3, "column": 0 },
        "end": { "line": 3, "column": 0 }
      },
      "3": {
        "start": { "line": 4, "column": 0 },
        "end": { "line": 4, "column": 68 }
      },
      "4": {
        "start": { "line": 5, "column": 0 },
        "end": { "line": 5, "column": 10 }
      },
      "5": {
        "start": { "line": 6, "column": 0 },
        "end": { "line": 6, "column": 10 }
      },
      "6": {
        "start": { "line": 7, "column": 0 },
        "end": { "line": 7, "column": 17 }
      },
      "7": {
        "start": { "line": 8, "column": 0 },
        "end": { "line": 8, "column": 37 }
      },
      "8": {
        "start": { "line": 9, "column": 0 },
        "end": { "line": 9, "column": 20 }
      },
      "9": {
        "start": { "line": 10, "column": 0 },
        "end": { "line": 10, "column": 30 }
      },
      "10": {
        "start": { "line": 11, "column": 0 },
        "end": { "line": 11, "column": 6 }
      },
      "11": {
        "start": { "line": 12, "column": 0 },
        "end": { "line": 12, "column": 4 }
      },
      "12": {
        "start": { "line": 13, "column": 0 },
        "end": { "line": 13, "column": 2 }
      },
      "13": {
        "start": { "line": 14, "column": 0 },
        "end": { "line": 14, "column": 0 }
      },
      "14": {
        "start": { "line": 15, "column": 0 },
        "end": { "line": 15, "column": 26 }
      }
    },
    "s": {
      "0": 1,
      "1": 1,
      "2": 1,
      "3": 1,
      "4": 3,
      "5": 3,
      "6": 3,
      "7": 3,
      "8": 3,
      "9": 3,
      "10": 3,
      "11": 3,
      "12": 3,
      "13": 1,
      "14": 1
    },
    "branchMap": {
      "0": {
        "type": "branch",
        "line": 4,
        "loc": {
          "start": { "line": 4, "column": 19 },
          "end": { "line": 13, "column": 2 }
        },
        "locations": [
          {
            "start": { "line": 4, "column": 19 },
            "end": { "line": 13, "column": 2 }
          }
        ]
      }
    },
    "b": { "0": [3] },
    "fnMap": {
      "0": {
        "name": "SearchLine",
        "decl": {
          "start": { "line": 4, "column": 19 },
          "end": { "line": 13, "column": 2 }
        },
        "loc": {
          "start": { "line": 4, "column": 19 },
          "end": { "line": 13, "column": 2 }
        },
        "line": 4
      }
    },
    "f": { "0": 3 }
  }
}
